28-Mar-2018 12:09:36.293 INFO [main] org.apache.catalina.startup.VersionLoggerListener.log Server version:        Apache Tomcat/9.0.6
28-Mar-2018 12:09:36.297 INFO [main] org.apache.catalina.startup.VersionLoggerListener.log Server built:          Mar 5 2018 09:34:35 UTC
28-Mar-2018 12:09:36.297 INFO [main] org.apache.catalina.startup.VersionLoggerListener.log Server number:         9.0.6.0
28-Mar-2018 12:09:36.297 INFO [main] org.apache.catalina.startup.VersionLoggerListener.log OS Name:               Linux
28-Mar-2018 12:09:36.298 INFO [main] org.apache.catalina.startup.VersionLoggerListener.log OS Version:            3.10.0-693.11.6.el7.x86_64
28-Mar-2018 12:09:36.298 INFO [main] org.apache.catalina.startup.VersionLoggerListener.log Architecture:          amd64
28-Mar-2018 12:09:36.298 INFO [main] org.apache.catalina.startup.VersionLoggerListener.log Java Home:             /usr/lib/jvm/java-1.8.0-openjdk-1.8.0.161-0.b14.el7_4.x86_64/jre
28-Mar-2018 12:09:36.298 INFO [main] org.apache.catalina.startup.VersionLoggerListener.log JVM Version:           1.8.0_161-b14
28-Mar-2018 12:09:36.298 INFO [main] org.apache.catalina.startup.VersionLoggerListener.log JVM Vendor:            Oracle Corporation
28-Mar-2018 12:09:36.299 INFO [main] org.apache.catalina.startup.VersionLoggerListener.log CATALINA_BASE:         /home/amsaa/lab4/apache-tomcat-9.0.6
28-Mar-2018 12:09:36.299 INFO [main] org.apache.catalina.startup.VersionLoggerListener.log CATALINA_HOME:         /home/amsaa/lab4/apache-tomcat-9.0.6
28-Mar-2018 12:09:36.299 INFO [main] org.apache.catalina.startup.VersionLoggerListener.log Command line argument: -Djava.util.logging.config.file=/home/amsaa/lab4/apache-tomcat-9.0.6/conf/logging.properties
28-Mar-2018 12:09:36.299 INFO [main] org.apache.catalina.startup.VersionLoggerListener.log Command line argument: -Djava.util.logging.manager=org.apache.juli.ClassLoaderLogManager
28-Mar-2018 12:09:36.299 INFO [main] org.apache.catalina.startup.VersionLoggerListener.log Command line argument: -Djdk.tls.ephemeralDHKeySize=2048
28-Mar-2018 12:09:36.300 INFO [main] org.apache.catalina.startup.VersionLoggerListener.log Command line argument: -Djava.protocol.handler.pkgs=org.apache.catalina.webresources
28-Mar-2018 12:09:36.300 INFO [main] org.apache.catalina.startup.VersionLoggerListener.log Command line argument: -Dignore.endorsed.dirs=
28-Mar-2018 12:09:36.300 INFO [main] org.apache.catalina.startup.VersionLoggerListener.log Command line argument: -Dcatalina.base=/home/amsaa/lab4/apache-tomcat-9.0.6
28-Mar-2018 12:09:36.300 INFO [main] org.apache.catalina.startup.VersionLoggerListener.log Command line argument: -Dcatalina.home=/home/amsaa/lab4/apache-tomcat-9.0.6
28-Mar-2018 12:09:36.300 INFO [main] org.apache.catalina.startup.VersionLoggerListener.log Command line argument: -Djava.io.tmpdir=/home/amsaa/lab4/apache-tomcat-9.0.6/temp
28-Mar-2018 12:09:36.301 INFO [main] org.apache.catalina.core.AprLifecycleListener.lifecycleEvent The APR based Apache Tomcat Native library which allows optimal performance in production environments was not found on the java.library.path: [/usr/java/packages/lib/amd64:/usr/lib64:/lib64:/lib:/usr/lib]
28-Mar-2018 12:09:36.548 INFO [main] org.apache.coyote.AbstractProtocol.init Initializing ProtocolHandler ["http-nio-8080"]
28-Mar-2018 12:09:36.567 INFO [main] org.apache.tomcat.util.net.NioSelectorPool.getSharedSelector Using a shared selector for servlet write/read
28-Mar-2018 12:09:36.577 INFO [main] org.apache.coyote.AbstractProtocol.init Initializing ProtocolHandler ["ajp-nio-8009"]
28-Mar-2018 12:09:36.578 INFO [main] org.apache.tomcat.util.net.NioSelectorPool.getSharedSelector Using a shared selector for servlet write/read
28-Mar-2018 12:09:36.579 INFO [main] org.apache.catalina.startup.Catalina.load Initialization processed in 1893 ms
28-Mar-2018 12:09:36.626 INFO [main] org.apache.catalina.core.StandardService.startInternal Starting service [Catalina]
28-Mar-2018 12:09:36.626 INFO [main] org.apache.catalina.core.StandardEngine.startInternal Starting Servlet Engine: Apache Tomcat/9.0.6
28-Mar-2018 12:09:36.641 INFO [main] org.apache.catalina.startup.HostConfig.deployDirectory Deploying web application directory [/home/amsaa/lab4/apache-tomcat-9.0.6/webapps/ROOT]
28-Mar-2018 12:09:37.335 INFO [main] org.apache.catalina.startup.HostConfig.deployDirectory Deployment of web application directory [/home/amsaa/lab4/apache-tomcat-9.0.6/webapps/ROOT] has finished in [694] ms
28-Mar-2018 12:09:37.336 INFO [main] org.apache.catalina.startup.HostConfig.deployDirectory Deploying web application directory [/home/amsaa/lab4/apache-tomcat-9.0.6/webapps/docs]
28-Mar-2018 12:09:37.379 INFO [main] org.apache.catalina.startup.HostConfig.deployDirectory Deployment of web application directory [/home/amsaa/lab4/apache-tomcat-9.0.6/webapps/docs] has finished in [43] ms
28-Mar-2018 12:09:37.380 INFO [main] org.apache.catalina.startup.HostConfig.deployDirectory Deploying web application directory [/home/amsaa/lab4/apache-tomcat-9.0.6/webapps/examples]
28-Mar-2018 12:09:37.913 INFO [main] org.apache.catalina.startup.HostConfig.deployDirectory Deployment of web application directory [/home/amsaa/lab4/apache-tomcat-9.0.6/webapps/examples] has finished in [534] ms
28-Mar-2018 12:09:37.913 INFO [main] org.apache.catalina.startup.HostConfig.deployDirectory Deploying web application directory [/home/amsaa/lab4/apache-tomcat-9.0.6/webapps/host-manager]
28-Mar-2018 12:09:37.962 INFO [main] org.apache.catalina.startup.HostConfig.deployDirectory Deployment of web application directory [/home/amsaa/lab4/apache-tomcat-9.0.6/webapps/host-manager] has finished in [48] ms
28-Mar-2018 12:09:37.962 INFO [main] org.apache.catalina.startup.HostConfig.deployDirectory Deploying web application directory [/home/amsaa/lab4/apache-tomcat-9.0.6/webapps/manager]
28-Mar-2018 12:09:38.004 INFO [main] org.apache.catalina.startup.HostConfig.deployDirectory Deployment of web application directory [/home/amsaa/lab4/apache-tomcat-9.0.6/webapps/manager] has finished in [42] ms
28-Mar-2018 12:09:38.008 INFO [main] org.apache.coyote.AbstractProtocol.start Starting ProtocolHandler ["http-nio-8080"]
28-Mar-2018 12:09:38.017 INFO [main] org.apache.coyote.AbstractProtocol.start Starting ProtocolHandler ["ajp-nio-8009"]
28-Mar-2018 12:09:38.020 INFO [main] org.apache.catalina.startup.Catalina.start Server startup in 1440 ms
28-Mar-2018 12:10:55.053 INFO [main] org.apache.catalina.core.StandardServer.await A valid shutdown command was received via the shutdown port. Stopping the Server instance.
28-Mar-2018 12:10:55.054 INFO [main] org.apache.coyote.AbstractProtocol.pause Pausing ProtocolHandler ["http-nio-8080"]
28-Mar-2018 12:10:55.109 INFO [main] org.apache.coyote.AbstractProtocol.pause Pausing ProtocolHandler ["ajp-nio-8009"]
28-Mar-2018 12:10:55.160 INFO [main] org.apache.catalina.core.StandardService.stopInternal Stopping service [Catalina]
28-Mar-2018 12:10:55.193 INFO [main] org.apache.coyote.AbstractProtocol.stop Stopping ProtocolHandler ["http-nio-8080"]
28-Mar-2018 12:10:55.196 INFO [main] org.apache.coyote.AbstractProtocol.stop Stopping ProtocolHandler ["ajp-nio-8009"]
28-Mar-2018 12:10:55.211 INFO [main] org.apache.coyote.AbstractProtocol.destroy Destroying ProtocolHandler ["http-nio-8080"]
28-Mar-2018 12:10:55.212 INFO [main] org.apache.coyote.AbstractProtocol.destroy Destroying ProtocolHandler ["ajp-nio-8009"]
28-Mar-2018 12:22:35.743 INFO [main] org.apache.catalina.startup.VersionLoggerListener.log Server version:        Apache Tomcat/9.0.6
28-Mar-2018 12:22:35.746 INFO [main] org.apache.catalina.startup.VersionLoggerListener.log Server built:          Mar 5 2018 09:34:35 UTC
28-Mar-2018 12:22:35.747 INFO [main] org.apache.catalina.startup.VersionLoggerListener.log Server number:         9.0.6.0
28-Mar-2018 12:22:35.747 INFO [main] org.apache.catalina.startup.VersionLoggerListener.log OS Name:               Linux
28-Mar-2018 12:22:35.747 INFO [main] org.apache.catalina.startup.VersionLoggerListener.log OS Version:            3.10.0-693.11.6.el7.x86_64
28-Mar-2018 12:22:35.747 INFO [main] org.apache.catalina.startup.VersionLoggerListener.log Architecture:          amd64
28-Mar-2018 12:22:35.747 INFO [main] org.apache.catalina.startup.VersionLoggerListener.log Java Home:             /usr/lib/jvm/java-1.8.0-openjdk-1.8.0.161-0.b14.el7_4.x86_64/jre
28-Mar-2018 12:22:35.747 INFO [main] org.apache.catalina.startup.VersionLoggerListener.log JVM Version:           1.8.0_161-b14
28-Mar-2018 12:22:35.748 INFO [main] org.apache.catalina.startup.VersionLoggerListener.log JVM Vendor:            Oracle Corporation
28-Mar-2018 12:22:35.748 INFO [main] org.apache.catalina.startup.VersionLoggerListener.log CATALINA_BASE:         /home/amsaa/lab4/apache-tomcat-9.0.6
28-Mar-2018 12:22:35.748 INFO [main] org.apache.catalina.startup.VersionLoggerListener.log CATALINA_HOME:         /home/amsaa/lab4/apache-tomcat-9.0.6
28-Mar-2018 12:22:35.748 INFO [main] org.apache.catalina.startup.VersionLoggerListener.log Command line argument: -Djava.util.logging.config.file=/home/amsaa/lab4/apache-tomcat-9.0.6/conf/logging.properties
28-Mar-2018 12:22:35.749 INFO [main] org.apache.catalina.startup.VersionLoggerListener.log Command line argument: -Djava.util.logging.manager=org.apache.juli.ClassLoaderLogManager
28-Mar-2018 12:22:35.749 INFO [main] org.apache.catalina.startup.VersionLoggerListener.log Command line argument: -Djdk.tls.ephemeralDHKeySize=2048
28-Mar-2018 12:22:35.749 INFO [main] org.apache.catalina.startup.VersionLoggerListener.log Command line argument: -Djava.protocol.handler.pkgs=org.apache.catalina.webresources
28-Mar-2018 12:22:35.749 INFO [main] org.apache.catalina.startup.VersionLoggerListener.log Command line argument: -Dignore.endorsed.dirs=
28-Mar-2018 12:22:35.749 INFO [main] org.apache.catalina.startup.VersionLoggerListener.log Command line argument: -Dcatalina.base=/home/amsaa/lab4/apache-tomcat-9.0.6
28-Mar-2018 12:22:35.749 INFO [main] org.apache.catalina.startup.VersionLoggerListener.log Command line argument: -Dcatalina.home=/home/amsaa/lab4/apache-tomcat-9.0.6
28-Mar-2018 12:22:35.750 INFO [main] org.apache.catalina.startup.VersionLoggerListener.log Command line argument: -Djava.io.tmpdir=/home/amsaa/lab4/apache-tomcat-9.0.6/temp
28-Mar-2018 12:22:35.750 INFO [main] org.apache.catalina.core.AprLifecycleListener.lifecycleEvent The APR based Apache Tomcat Native library which allows optimal performance in production environments was not found on the java.library.path: [/usr/java/packages/lib/amd64:/usr/lib64:/lib64:/lib:/usr/lib]
28-Mar-2018 12:22:35.886 INFO [main] org.apache.coyote.AbstractProtocol.init Initializing ProtocolHandler ["http-nio-8080"]
28-Mar-2018 12:22:35.907 INFO [main] org.apache.tomcat.util.net.NioSelectorPool.getSharedSelector Using a shared selector for servlet write/read
28-Mar-2018 12:22:35.918 INFO [main] org.apache.coyote.AbstractProtocol.init Initializing ProtocolHandler ["ajp-nio-8009"]
28-Mar-2018 12:22:35.920 INFO [main] org.apache.tomcat.util.net.NioSelectorPool.getSharedSelector Using a shared selector for servlet write/read
28-Mar-2018 12:22:35.923 INFO [main] org.apache.catalina.startup.Catalina.load Initialization processed in 843 ms
28-Mar-2018 12:22:35.960 INFO [main] org.apache.catalina.core.StandardService.startInternal Starting service [Catalina]
28-Mar-2018 12:22:35.960 INFO [main] org.apache.catalina.core.StandardEngine.startInternal Starting Servlet Engine: Apache Tomcat/9.0.6
28-Mar-2018 12:22:35.974 INFO [main] org.apache.catalina.startup.HostConfig.deployDirectory Deploying web application directory [/home/amsaa/lab4/apache-tomcat-9.0.6/webapps/ROOT]
28-Mar-2018 12:22:36.695 INFO [main] org.apache.catalina.startup.HostConfig.deployDirectory Deployment of web application directory [/home/amsaa/lab4/apache-tomcat-9.0.6/webapps/ROOT] has finished in [720] ms
28-Mar-2018 12:22:36.696 INFO [main] org.apache.catalina.startup.HostConfig.deployDirectory Deploying web application directory [/home/amsaa/lab4/apache-tomcat-9.0.6/webapps/docs]
28-Mar-2018 12:22:36.727 INFO [main] org.apache.catalina.startup.HostConfig.deployDirectory Deployment of web application directory [/home/amsaa/lab4/apache-tomcat-9.0.6/webapps/docs] has finished in [30] ms
28-Mar-2018 12:22:36.727 INFO [main] org.apache.catalina.startup.HostConfig.deployDirectory Deploying web application directory [/home/amsaa/lab4/apache-tomcat-9.0.6/webapps/examples]
28-Mar-2018 12:22:37.141 INFO [main] org.apache.catalina.startup.HostConfig.deployDirectory Deployment of web application directory [/home/amsaa/lab4/apache-tomcat-9.0.6/webapps/examples] has finished in [414] ms
28-Mar-2018 12:22:37.142 INFO [main] org.apache.catalina.startup.HostConfig.deployDirectory Deploying web application directory [/home/amsaa/lab4/apache-tomcat-9.0.6/webapps/host-manager]
28-Mar-2018 12:22:37.171 INFO [main] org.apache.catalina.startup.HostConfig.deployDirectory Deployment of web application directory [/home/amsaa/lab4/apache-tomcat-9.0.6/webapps/host-manager] has finished in [29] ms
28-Mar-2018 12:22:37.171 INFO [main] org.apache.catalina.startup.HostConfig.deployDirectory Deploying web application directory [/home/amsaa/lab4/apache-tomcat-9.0.6/webapps/manager]
28-Mar-2018 12:22:37.189 INFO [main] org.apache.catalina.startup.HostConfig.deployDirectory Deployment of web application directory [/home/amsaa/lab4/apache-tomcat-9.0.6/webapps/manager] has finished in [18] ms
28-Mar-2018 12:22:37.191 INFO [main] org.apache.coyote.AbstractProtocol.start Starting ProtocolHandler ["http-nio-8080"]
28-Mar-2018 12:22:37.198 INFO [main] org.apache.coyote.AbstractProtocol.start Starting ProtocolHandler ["ajp-nio-8009"]
28-Mar-2018 12:22:37.201 INFO [main] org.apache.catalina.startup.Catalina.start Server startup in 1278 ms
15-Apr-2018 15:42:51.880 INFO [main] org.apache.catalina.startup.VersionLoggerListener.log Server version:        Apache Tomcat/9.0.6
15-Apr-2018 15:42:51.954 INFO [main] org.apache.catalina.startup.VersionLoggerListener.log Server built:          Mar 5 2018 09:34:35 UTC
15-Apr-2018 15:42:51.954 INFO [main] org.apache.catalina.startup.VersionLoggerListener.log Server number:         9.0.6.0
15-Apr-2018 15:42:51.954 INFO [main] org.apache.catalina.startup.VersionLoggerListener.log OS Name:               Linux
15-Apr-2018 15:42:51.954 INFO [main] org.apache.catalina.startup.VersionLoggerListener.log OS Version:            3.10.0-693.11.6.el7.x86_64
15-Apr-2018 15:42:51.954 INFO [main] org.apache.catalina.startup.VersionLoggerListener.log Architecture:          amd64
15-Apr-2018 15:42:51.955 INFO [main] org.apache.catalina.startup.VersionLoggerListener.log Java Home:             /usr/lib/jvm/java-1.8.0-openjdk-1.8.0.161-0.b14.el7_4.x86_64/jre
15-Apr-2018 15:42:51.955 INFO [main] org.apache.catalina.startup.VersionLoggerListener.log JVM Version:           1.8.0_161-b14
15-Apr-2018 15:42:51.955 INFO [main] org.apache.catalina.startup.VersionLoggerListener.log JVM Vendor:            Oracle Corporation
15-Apr-2018 15:42:51.955 INFO [main] org.apache.catalina.startup.VersionLoggerListener.log CATALINA_BASE:         /home/amsaa/Comp4321-Project/apache-tomcat-9.0.6
15-Apr-2018 15:42:51.955 INFO [main] org.apache.catalina.startup.VersionLoggerListener.log CATALINA_HOME:         /home/amsaa/Comp4321-Project/apache-tomcat-9.0.6
15-Apr-2018 15:42:51.956 INFO [main] org.apache.catalina.startup.VersionLoggerListener.log Command line argument: -Djava.util.logging.config.file=/home/amsaa/Comp4321-Project/apache-tomcat-9.0.6/conf/logging.properties
15-Apr-2018 15:42:51.956 INFO [main] org.apache.catalina.startup.VersionLoggerListener.log Command line argument: -Djava.util.logging.manager=org.apache.juli.ClassLoaderLogManager
15-Apr-2018 15:42:51.956 INFO [main] org.apache.catalina.startup.VersionLoggerListener.log Command line argument: -Djdk.tls.ephemeralDHKeySize=2048
15-Apr-2018 15:42:51.956 INFO [main] org.apache.catalina.startup.VersionLoggerListener.log Command line argument: -Djava.protocol.handler.pkgs=org.apache.catalina.webresources
15-Apr-2018 15:42:51.956 INFO [main] org.apache.catalina.startup.VersionLoggerListener.log Command line argument: -Dignore.endorsed.dirs=
15-Apr-2018 15:42:51.957 INFO [main] org.apache.catalina.startup.VersionLoggerListener.log Command line argument: -Dcatalina.base=/home/amsaa/Comp4321-Project/apache-tomcat-9.0.6
15-Apr-2018 15:42:51.957 INFO [main] org.apache.catalina.startup.VersionLoggerListener.log Command line argument: -Dcatalina.home=/home/amsaa/Comp4321-Project/apache-tomcat-9.0.6
15-Apr-2018 15:42:51.957 INFO [main] org.apache.catalina.startup.VersionLoggerListener.log Command line argument: -Djava.io.tmpdir=/home/amsaa/Comp4321-Project/apache-tomcat-9.0.6/temp
15-Apr-2018 15:42:51.957 INFO [main] org.apache.catalina.core.AprLifecycleListener.lifecycleEvent The APR based Apache Tomcat Native library which allows optimal performance in production environments was not found on the java.library.path: [/usr/java/packages/lib/amd64:/usr/lib64:/lib64:/lib:/usr/lib]
15-Apr-2018 15:42:52.932 INFO [main] org.apache.coyote.AbstractProtocol.init Initializing ProtocolHandler ["http-nio-8080"]
15-Apr-2018 15:42:52.998 SEVERE [main] org.apache.catalina.util.LifecycleBase.handleSubClassException Failed to initialize component [Connector[HTTP/1.1-8080]]
 org.apache.catalina.LifecycleException: Protocol handler initialization failed
	at org.apache.catalina.connector.Connector.initInternal(Connector.java:935)
	at org.apache.catalina.util.LifecycleBase.init(LifecycleBase.java:136)
	at org.apache.catalina.core.StandardService.initInternal(StandardService.java:530)
	at org.apache.catalina.util.LifecycleBase.init(LifecycleBase.java:136)
	at org.apache.catalina.core.StandardServer.initInternal(StandardServer.java:852)
	at org.apache.catalina.util.LifecycleBase.init(LifecycleBase.java:136)
	at org.apache.catalina.startup.Catalina.load(Catalina.java:633)
	at org.apache.catalina.startup.Catalina.load(Catalina.java:656)
	at sun.reflect.NativeMethodAccessorImpl.invoke0(Native Method)
	at sun.reflect.NativeMethodAccessorImpl.invoke(NativeMethodAccessorImpl.java:62)
	at sun.reflect.DelegatingMethodAccessorImpl.invoke(DelegatingMethodAccessorImpl.java:43)
	at java.lang.reflect.Method.invoke(Method.java:498)
	at org.apache.catalina.startup.Bootstrap.load(Bootstrap.java:309)
	at org.apache.catalina.startup.Bootstrap.main(Bootstrap.java:492)
Caused by: java.net.BindException: Address already in use
	at sun.nio.ch.Net.bind0(Native Method)
	at sun.nio.ch.Net.bind(Net.java:433)
	at sun.nio.ch.Net.bind(Net.java:425)
	at sun.nio.ch.ServerSocketChannelImpl.bind(ServerSocketChannelImpl.java:223)
	at sun.nio.ch.ServerSocketAdaptor.bind(ServerSocketAdaptor.java:74)
	at org.apache.tomcat.util.net.NioEndpoint.initServerSocket(NioEndpoint.java:227)
	at org.apache.tomcat.util.net.NioEndpoint.bind(NioEndpoint.java:202)
	at org.apache.tomcat.util.net.AbstractEndpoint.init(AbstractEndpoint.java:1043)
	at org.apache.coyote.AbstractProtocol.init(AbstractProtocol.java:540)
	at org.apache.coyote.http11.AbstractHttp11Protocol.init(AbstractHttp11Protocol.java:74)
	at org.apache.catalina.connector.Connector.initInternal(Connector.java:932)
	... 13 more

15-Apr-2018 15:42:53.016 INFO [main] org.apache.coyote.AbstractProtocol.init Initializing ProtocolHandler ["ajp-nio-8009"]
15-Apr-2018 15:42:53.028 SEVERE [main] org.apache.catalina.util.LifecycleBase.handleSubClassException Failed to initialize component [Connector[AJP/1.3-8009]]
 org.apache.catalina.LifecycleException: Protocol handler initialization failed
	at org.apache.catalina.connector.Connector.initInternal(Connector.java:935)
	at org.apache.catalina.util.LifecycleBase.init(LifecycleBase.java:136)
	at org.apache.catalina.core.StandardService.initInternal(StandardService.java:530)
	at org.apache.catalina.util.LifecycleBase.init(LifecycleBase.java:136)
	at org.apache.catalina.core.StandardServer.initInternal(StandardServer.java:852)
	at org.apache.catalina.util.LifecycleBase.init(LifecycleBase.java:136)
	at org.apache.catalina.startup.Catalina.load(Catalina.java:633)
	at org.apache.catalina.startup.Catalina.load(Catalina.java:656)
	at sun.reflect.NativeMethodAccessorImpl.invoke0(Native Method)
	at sun.reflect.NativeMethodAccessorImpl.invoke(NativeMethodAccessorImpl.java:62)
	at sun.reflect.DelegatingMethodAccessorImpl.invoke(DelegatingMethodAccessorImpl.java:43)
	at java.lang.reflect.Method.invoke(Method.java:498)
	at org.apache.catalina.startup.Bootstrap.load(Bootstrap.java:309)
	at org.apache.catalina.startup.Bootstrap.main(Bootstrap.java:492)
Caused by: java.net.BindException: Address already in use
	at sun.nio.ch.Net.bind0(Native Method)
	at sun.nio.ch.Net.bind(Net.java:433)
	at sun.nio.ch.Net.bind(Net.java:425)
	at sun.nio.ch.ServerSocketChannelImpl.bind(ServerSocketChannelImpl.java:223)
	at sun.nio.ch.ServerSocketAdaptor.bind(ServerSocketAdaptor.java:74)
	at org.apache.tomcat.util.net.NioEndpoint.initServerSocket(NioEndpoint.java:227)
	at org.apache.tomcat.util.net.NioEndpoint.bind(NioEndpoint.java:202)
	at org.apache.tomcat.util.net.AbstractEndpoint.init(AbstractEndpoint.java:1043)
	at org.apache.coyote.AbstractProtocol.init(AbstractProtocol.java:540)
	at org.apache.catalina.connector.Connector.initInternal(Connector.java:932)
	... 13 more

15-Apr-2018 15:42:53.029 INFO [main] org.apache.catalina.startup.Catalina.load Initialization processed in 5650 ms
15-Apr-2018 15:42:53.091 INFO [main] org.apache.catalina.core.StandardService.startInternal Starting service [Catalina]
15-Apr-2018 15:42:53.091 INFO [main] org.apache.catalina.core.StandardEngine.startInternal Starting Servlet Engine: Apache Tomcat/9.0.6
15-Apr-2018 15:42:53.109 INFO [main] org.apache.catalina.startup.HostConfig.deployDirectory Deploying web application directory [/home/amsaa/Comp4321-Project/apache-tomcat-9.0.6/webapps/docs]
15-Apr-2018 15:42:54.947 INFO [main] org.apache.catalina.startup.HostConfig.deployDirectory Deployment of web application directory [/home/amsaa/Comp4321-Project/apache-tomcat-9.0.6/webapps/docs] has finished in [1,837] ms
15-Apr-2018 15:42:54.948 INFO [main] org.apache.catalina.startup.HostConfig.deployDirectory Deploying web application directory [/home/amsaa/Comp4321-Project/apache-tomcat-9.0.6/webapps/examples]
15-Apr-2018 15:42:56.528 INFO [main] org.apache.catalina.startup.HostConfig.deployDirectory Deployment of web application directory [/home/amsaa/Comp4321-Project/apache-tomcat-9.0.6/webapps/examples] has finished in [1,580] ms
15-Apr-2018 15:42:56.529 INFO [main] org.apache.catalina.startup.HostConfig.deployDirectory Deploying web application directory [/home/amsaa/Comp4321-Project/apache-tomcat-9.0.6/webapps/host-manager]
15-Apr-2018 15:42:56.573 INFO [main] org.apache.catalina.startup.HostConfig.deployDirectory Deployment of web application directory [/home/amsaa/Comp4321-Project/apache-tomcat-9.0.6/webapps/host-manager] has finished in [43] ms
15-Apr-2018 15:42:56.573 INFO [main] org.apache.catalina.startup.HostConfig.deployDirectory Deploying web application directory [/home/amsaa/Comp4321-Project/apache-tomcat-9.0.6/webapps/manager]
15-Apr-2018 15:42:56.602 INFO [main] org.apache.catalina.startup.HostConfig.deployDirectory Deployment of web application directory [/home/amsaa/Comp4321-Project/apache-tomcat-9.0.6/webapps/manager] has finished in [29] ms
15-Apr-2018 15:42:56.603 INFO [main] org.apache.catalina.startup.HostConfig.deployDirectory Deploying web application directory [/home/amsaa/Comp4321-Project/apache-tomcat-9.0.6/webapps/ROOT]
15-Apr-2018 15:42:56.624 INFO [main] org.apache.catalina.startup.HostConfig.deployDirectory Deployment of web application directory [/home/amsaa/Comp4321-Project/apache-tomcat-9.0.6/webapps/ROOT] has finished in [20] ms
15-Apr-2018 15:42:56.628 INFO [main] org.apache.catalina.startup.Catalina.start Server startup in 3598 ms
15-Apr-2018 15:42:56.632 SEVERE [main] org.apache.catalina.core.StandardServer.await StandardServer.await: create[localhost:8005]: 
 java.net.BindException: Address already in use (Bind failed)
	at java.net.PlainSocketImpl.socketBind(Native Method)
	at java.net.AbstractPlainSocketImpl.bind(AbstractPlainSocketImpl.java:387)
	at java.net.ServerSocket.bind(ServerSocket.java:375)
	at java.net.ServerSocket.<init>(ServerSocket.java:237)
	at org.apache.catalina.core.StandardServer.await(StandardServer.java:422)
	at org.apache.catalina.startup.Catalina.await(Catalina.java:770)
	at org.apache.catalina.startup.Catalina.start(Catalina.java:716)
	at sun.reflect.NativeMethodAccessorImpl.invoke0(Native Method)
	at sun.reflect.NativeMethodAccessorImpl.invoke(NativeMethodAccessorImpl.java:62)
	at sun.reflect.DelegatingMethodAccessorImpl.invoke(DelegatingMethodAccessorImpl.java:43)
	at java.lang.reflect.Method.invoke(Method.java:498)
	at org.apache.catalina.startup.Bootstrap.start(Bootstrap.java:353)
	at org.apache.catalina.startup.Bootstrap.main(Bootstrap.java:493)

15-Apr-2018 15:42:56.633 INFO [main] org.apache.coyote.AbstractProtocol.pause Pausing ProtocolHandler ["http-nio-8080"]
15-Apr-2018 15:42:56.633 INFO [main] org.apache.coyote.AbstractProtocol.pause Pausing ProtocolHandler ["ajp-nio-8009"]
15-Apr-2018 15:42:56.633 INFO [main] org.apache.catalina.core.StandardService.stopInternal Stopping service [Catalina]
15-Apr-2018 15:42:56.773 INFO [main] org.apache.coyote.AbstractProtocol.stop Stopping ProtocolHandler ["http-nio-8080"]
15-Apr-2018 15:42:56.773 INFO [main] org.apache.coyote.AbstractProtocol.destroy Destroying ProtocolHandler ["http-nio-8080"]
15-Apr-2018 15:42:56.774 INFO [main] org.apache.coyote.AbstractProtocol.stop Stopping ProtocolHandler ["ajp-nio-8009"]
15-Apr-2018 15:42:56.774 INFO [main] org.apache.coyote.AbstractProtocol.destroy Destroying ProtocolHandler ["ajp-nio-8009"]
15-Apr-2018 16:01:25.991 INFO [main] org.apache.catalina.startup.VersionLoggerListener.log Server version:        Apache Tomcat/9.0.6
15-Apr-2018 16:01:25.994 INFO [main] org.apache.catalina.startup.VersionLoggerListener.log Server built:          Mar 5 2018 09:34:35 UTC
15-Apr-2018 16:01:25.994 INFO [main] org.apache.catalina.startup.VersionLoggerListener.log Server number:         9.0.6.0
15-Apr-2018 16:01:25.995 INFO [main] org.apache.catalina.startup.VersionLoggerListener.log OS Name:               Linux
15-Apr-2018 16:01:25.995 INFO [main] org.apache.catalina.startup.VersionLoggerListener.log OS Version:            3.10.0-693.11.6.el7.x86_64
15-Apr-2018 16:01:25.995 INFO [main] org.apache.catalina.startup.VersionLoggerListener.log Architecture:          amd64
15-Apr-2018 16:01:25.995 INFO [main] org.apache.catalina.startup.VersionLoggerListener.log Java Home:             /usr/lib/jvm/java-1.8.0-openjdk-1.8.0.161-0.b14.el7_4.x86_64/jre
15-Apr-2018 16:01:25.995 INFO [main] org.apache.catalina.startup.VersionLoggerListener.log JVM Version:           1.8.0_161-b14
15-Apr-2018 16:01:25.995 INFO [main] org.apache.catalina.startup.VersionLoggerListener.log JVM Vendor:            Oracle Corporation
15-Apr-2018 16:01:25.996 INFO [main] org.apache.catalina.startup.VersionLoggerListener.log CATALINA_BASE:         /home/amsaa/Comp4321-Project/apache-tomcat-9.0.6
15-Apr-2018 16:01:25.996 INFO [main] org.apache.catalina.startup.VersionLoggerListener.log CATALINA_HOME:         /home/amsaa/Comp4321-Project/apache-tomcat-9.0.6
15-Apr-2018 16:01:25.996 INFO [main] org.apache.catalina.startup.VersionLoggerListener.log Command line argument: -Djava.util.logging.config.file=/home/amsaa/Comp4321-Project/apache-tomcat-9.0.6/conf/logging.properties
15-Apr-2018 16:01:25.996 INFO [main] org.apache.catalina.startup.VersionLoggerListener.log Command line argument: -Djava.util.logging.manager=org.apache.juli.ClassLoaderLogManager
15-Apr-2018 16:01:25.997 INFO [main] org.apache.catalina.startup.VersionLoggerListener.log Command line argument: -Djdk.tls.ephemeralDHKeySize=2048
15-Apr-2018 16:01:25.997 INFO [main] org.apache.catalina.startup.VersionLoggerListener.log Command line argument: -Djava.protocol.handler.pkgs=org.apache.catalina.webresources
15-Apr-2018 16:01:25.997 INFO [main] org.apache.catalina.startup.VersionLoggerListener.log Command line argument: -Dignore.endorsed.dirs=
15-Apr-2018 16:01:25.997 INFO [main] org.apache.catalina.startup.VersionLoggerListener.log Command line argument: -Dcatalina.base=/home/amsaa/Comp4321-Project/apache-tomcat-9.0.6
15-Apr-2018 16:01:25.997 INFO [main] org.apache.catalina.startup.VersionLoggerListener.log Command line argument: -Dcatalina.home=/home/amsaa/Comp4321-Project/apache-tomcat-9.0.6
15-Apr-2018 16:01:25.997 INFO [main] org.apache.catalina.startup.VersionLoggerListener.log Command line argument: -Djava.io.tmpdir=/home/amsaa/Comp4321-Project/apache-tomcat-9.0.6/temp
15-Apr-2018 16:01:25.998 INFO [main] org.apache.catalina.core.AprLifecycleListener.lifecycleEvent The APR based Apache Tomcat Native library which allows optimal performance in production environments was not found on the java.library.path: [/usr/java/packages/lib/amd64:/usr/lib64:/lib64:/lib:/usr/lib]
15-Apr-2018 16:01:26.131 INFO [main] org.apache.coyote.AbstractProtocol.init Initializing ProtocolHandler ["http-nio-8080"]
15-Apr-2018 16:01:26.152 INFO [main] org.apache.tomcat.util.net.NioSelectorPool.getSharedSelector Using a shared selector for servlet write/read
15-Apr-2018 16:01:26.161 INFO [main] org.apache.coyote.AbstractProtocol.init Initializing ProtocolHandler ["ajp-nio-8009"]
15-Apr-2018 16:01:26.163 INFO [main] org.apache.tomcat.util.net.NioSelectorPool.getSharedSelector Using a shared selector for servlet write/read
15-Apr-2018 16:01:26.166 INFO [main] org.apache.catalina.startup.Catalina.load Initialization processed in 869 ms
15-Apr-2018 16:01:26.210 INFO [main] org.apache.catalina.core.StandardService.startInternal Starting service [Catalina]
15-Apr-2018 16:01:26.210 INFO [main] org.apache.catalina.core.StandardEngine.startInternal Starting Servlet Engine: Apache Tomcat/9.0.6
15-Apr-2018 16:01:26.225 INFO [main] org.apache.catalina.startup.HostConfig.deployDirectory Deploying web application directory [/home/amsaa/Comp4321-Project/apache-tomcat-9.0.6/webapps/docs]
15-Apr-2018 16:01:26.679 INFO [main] org.apache.catalina.startup.HostConfig.deployDirectory Deployment of web application directory [/home/amsaa/Comp4321-Project/apache-tomcat-9.0.6/webapps/docs] has finished in [453] ms
15-Apr-2018 16:01:26.679 INFO [main] org.apache.catalina.startup.HostConfig.deployDirectory Deploying web application directory [/home/amsaa/Comp4321-Project/apache-tomcat-9.0.6/webapps/examples]
15-Apr-2018 16:01:26.962 INFO [main] org.apache.catalina.startup.HostConfig.deployDirectory Deployment of web application directory [/home/amsaa/Comp4321-Project/apache-tomcat-9.0.6/webapps/examples] has finished in [283] ms
15-Apr-2018 16:01:26.963 INFO [main] org.apache.catalina.startup.HostConfig.deployDirectory Deploying web application directory [/home/amsaa/Comp4321-Project/apache-tomcat-9.0.6/webapps/host-manager]
15-Apr-2018 16:01:26.985 INFO [main] org.apache.catalina.startup.HostConfig.deployDirectory Deployment of web application directory [/home/amsaa/Comp4321-Project/apache-tomcat-9.0.6/webapps/host-manager] has finished in [22] ms
15-Apr-2018 16:01:26.985 INFO [main] org.apache.catalina.startup.HostConfig.deployDirectory Deploying web application directory [/home/amsaa/Comp4321-Project/apache-tomcat-9.0.6/webapps/manager]
15-Apr-2018 16:01:27.003 INFO [main] org.apache.catalina.startup.HostConfig.deployDirectory Deployment of web application directory [/home/amsaa/Comp4321-Project/apache-tomcat-9.0.6/webapps/manager] has finished in [18] ms
15-Apr-2018 16:01:27.003 INFO [main] org.apache.catalina.startup.HostConfig.deployDirectory Deploying web application directory [/home/amsaa/Comp4321-Project/apache-tomcat-9.0.6/webapps/ROOT]
15-Apr-2018 16:01:27.021 INFO [main] org.apache.catalina.startup.HostConfig.deployDirectory Deployment of web application directory [/home/amsaa/Comp4321-Project/apache-tomcat-9.0.6/webapps/ROOT] has finished in [18] ms
15-Apr-2018 16:01:27.025 INFO [main] org.apache.coyote.AbstractProtocol.start Starting ProtocolHandler ["http-nio-8080"]
15-Apr-2018 16:01:27.038 INFO [main] org.apache.coyote.AbstractProtocol.start Starting ProtocolHandler ["ajp-nio-8009"]
15-Apr-2018 16:01:27.042 INFO [main] org.apache.catalina.startup.Catalina.start Server startup in 876 ms
15-Apr-2018 16:02:32.391 INFO [main] org.apache.catalina.core.StandardServer.await A valid shutdown command was received via the shutdown port. Stopping the Server instance.
15-Apr-2018 16:02:32.391 INFO [main] org.apache.coyote.AbstractProtocol.pause Pausing ProtocolHandler ["http-nio-8080"]
15-Apr-2018 16:02:32.447 INFO [main] org.apache.coyote.AbstractProtocol.pause Pausing ProtocolHandler ["ajp-nio-8009"]
15-Apr-2018 16:02:32.499 INFO [main] org.apache.catalina.core.StandardService.stopInternal Stopping service [Catalina]
15-Apr-2018 16:02:32.532 INFO [main] org.apache.coyote.AbstractProtocol.stop Stopping ProtocolHandler ["http-nio-8080"]
15-Apr-2018 16:02:32.535 INFO [main] org.apache.coyote.AbstractProtocol.stop Stopping ProtocolHandler ["ajp-nio-8009"]
15-Apr-2018 16:02:32.538 INFO [main] org.apache.coyote.AbstractProtocol.destroy Destroying ProtocolHandler ["http-nio-8080"]
15-Apr-2018 16:02:32.539 INFO [main] org.apache.coyote.AbstractProtocol.destroy Destroying ProtocolHandler ["ajp-nio-8009"]
15-Apr-2018 16:02:37.212 INFO [main] org.apache.catalina.startup.VersionLoggerListener.log Server version:        Apache Tomcat/9.0.6
15-Apr-2018 16:02:37.216 INFO [main] org.apache.catalina.startup.VersionLoggerListener.log Server built:          Mar 5 2018 09:34:35 UTC
15-Apr-2018 16:02:37.216 INFO [main] org.apache.catalina.startup.VersionLoggerListener.log Server number:         9.0.6.0
15-Apr-2018 16:02:37.216 INFO [main] org.apache.catalina.startup.VersionLoggerListener.log OS Name:               Linux
15-Apr-2018 16:02:37.216 INFO [main] org.apache.catalina.startup.VersionLoggerListener.log OS Version:            3.10.0-693.11.6.el7.x86_64
15-Apr-2018 16:02:37.216 INFO [main] org.apache.catalina.startup.VersionLoggerListener.log Architecture:          amd64
15-Apr-2018 16:02:37.216 INFO [main] org.apache.catalina.startup.VersionLoggerListener.log Java Home:             /usr/lib/jvm/java-1.8.0-openjdk-1.8.0.161-0.b14.el7_4.x86_64/jre
15-Apr-2018 16:02:37.217 INFO [main] org.apache.catalina.startup.VersionLoggerListener.log JVM Version:           1.8.0_161-b14
15-Apr-2018 16:02:37.217 INFO [main] org.apache.catalina.startup.VersionLoggerListener.log JVM Vendor:            Oracle Corporation
15-Apr-2018 16:02:37.217 INFO [main] org.apache.catalina.startup.VersionLoggerListener.log CATALINA_BASE:         /home/amsaa/Comp4321-Project/apache-tomcat-9.0.6
15-Apr-2018 16:02:37.217 INFO [main] org.apache.catalina.startup.VersionLoggerListener.log CATALINA_HOME:         /home/amsaa/Comp4321-Project/apache-tomcat-9.0.6
15-Apr-2018 16:02:37.218 INFO [main] org.apache.catalina.startup.VersionLoggerListener.log Command line argument: -Djava.util.logging.config.file=/home/amsaa/Comp4321-Project/apache-tomcat-9.0.6/conf/logging.properties
15-Apr-2018 16:02:37.218 INFO [main] org.apache.catalina.startup.VersionLoggerListener.log Command line argument: -Djava.util.logging.manager=org.apache.juli.ClassLoaderLogManager
15-Apr-2018 16:02:37.218 INFO [main] org.apache.catalina.startup.VersionLoggerListener.log Command line argument: -Djdk.tls.ephemeralDHKeySize=2048
15-Apr-2018 16:02:37.218 INFO [main] org.apache.catalina.startup.VersionLoggerListener.log Command line argument: -Djava.protocol.handler.pkgs=org.apache.catalina.webresources
15-Apr-2018 16:02:37.218 INFO [main] org.apache.catalina.startup.VersionLoggerListener.log Command line argument: -Dignore.endorsed.dirs=
15-Apr-2018 16:02:37.218 INFO [main] org.apache.catalina.startup.VersionLoggerListener.log Command line argument: -Dcatalina.base=/home/amsaa/Comp4321-Project/apache-tomcat-9.0.6
15-Apr-2018 16:02:37.219 INFO [main] org.apache.catalina.startup.VersionLoggerListener.log Command line argument: -Dcatalina.home=/home/amsaa/Comp4321-Project/apache-tomcat-9.0.6
15-Apr-2018 16:02:37.219 INFO [main] org.apache.catalina.startup.VersionLoggerListener.log Command line argument: -Djava.io.tmpdir=/home/amsaa/Comp4321-Project/apache-tomcat-9.0.6/temp
15-Apr-2018 16:02:37.219 INFO [main] org.apache.catalina.core.AprLifecycleListener.lifecycleEvent The APR based Apache Tomcat Native library which allows optimal performance in production environments was not found on the java.library.path: [/usr/java/packages/lib/amd64:/usr/lib64:/lib64:/lib:/usr/lib]
15-Apr-2018 16:02:37.385 INFO [main] org.apache.coyote.AbstractProtocol.init Initializing ProtocolHandler ["http-nio-8080"]
15-Apr-2018 16:02:37.417 INFO [main] org.apache.tomcat.util.net.NioSelectorPool.getSharedSelector Using a shared selector for servlet write/read
15-Apr-2018 16:02:37.427 INFO [main] org.apache.coyote.AbstractProtocol.init Initializing ProtocolHandler ["ajp-nio-8009"]
15-Apr-2018 16:02:37.429 INFO [main] org.apache.tomcat.util.net.NioSelectorPool.getSharedSelector Using a shared selector for servlet write/read
15-Apr-2018 16:02:37.430 INFO [main] org.apache.catalina.startup.Catalina.load Initialization processed in 936 ms
15-Apr-2018 16:02:37.470 INFO [main] org.apache.catalina.core.StandardService.startInternal Starting service [Catalina]
15-Apr-2018 16:02:37.470 INFO [main] org.apache.catalina.core.StandardEngine.startInternal Starting Servlet Engine: Apache Tomcat/9.0.6
15-Apr-2018 16:02:37.482 INFO [main] org.apache.catalina.startup.HostConfig.deployDirectory Deploying web application directory [/home/amsaa/Comp4321-Project/apache-tomcat-9.0.6/webapps/docs]
15-Apr-2018 16:02:37.825 INFO [main] org.apache.catalina.startup.HostConfig.deployDirectory Deployment of web application directory [/home/amsaa/Comp4321-Project/apache-tomcat-9.0.6/webapps/docs] has finished in [342] ms
15-Apr-2018 16:02:37.825 INFO [main] org.apache.catalina.startup.HostConfig.deployDirectory Deploying web application directory [/home/amsaa/Comp4321-Project/apache-tomcat-9.0.6/webapps/examples]
15-Apr-2018 16:02:38.061 INFO [main] org.apache.catalina.startup.HostConfig.deployDirectory Deployment of web application directory [/home/amsaa/Comp4321-Project/apache-tomcat-9.0.6/webapps/examples] has finished in [236] ms
15-Apr-2018 16:02:38.062 INFO [main] org.apache.catalina.startup.HostConfig.deployDirectory Deploying web application directory [/home/amsaa/Comp4321-Project/apache-tomcat-9.0.6/webapps/host-manager]
15-Apr-2018 16:02:38.089 INFO [main] org.apache.catalina.startup.HostConfig.deployDirectory Deployment of web application directory [/home/amsaa/Comp4321-Project/apache-tomcat-9.0.6/webapps/host-manager] has finished in [28] ms
15-Apr-2018 16:02:38.089 INFO [main] org.apache.catalina.startup.HostConfig.deployDirectory Deploying web application directory [/home/amsaa/Comp4321-Project/apache-tomcat-9.0.6/webapps/manager]
15-Apr-2018 16:02:38.110 INFO [main] org.apache.catalina.startup.HostConfig.deployDirectory Deployment of web application directory [/home/amsaa/Comp4321-Project/apache-tomcat-9.0.6/webapps/manager] has finished in [20] ms
15-Apr-2018 16:02:38.110 INFO [main] org.apache.catalina.startup.HostConfig.deployDirectory Deploying web application directory [/home/amsaa/Comp4321-Project/apache-tomcat-9.0.6/webapps/ROOT]
15-Apr-2018 16:02:38.121 INFO [main] org.apache.catalina.startup.HostConfig.deployDirectory Deployment of web application directory [/home/amsaa/Comp4321-Project/apache-tomcat-9.0.6/webapps/ROOT] has finished in [11] ms
15-Apr-2018 16:02:38.124 INFO [main] org.apache.coyote.AbstractProtocol.start Starting ProtocolHandler ["http-nio-8080"]
15-Apr-2018 16:02:38.138 INFO [main] org.apache.coyote.AbstractProtocol.start Starting ProtocolHandler ["ajp-nio-8009"]
15-Apr-2018 16:02:38.156 INFO [main] org.apache.catalina.startup.Catalina.start Server startup in 725 ms
15-Apr-2018 16:05:56.868 INFO [main] org.apache.catalina.core.StandardServer.await A valid shutdown command was received via the shutdown port. Stopping the Server instance.
15-Apr-2018 16:05:56.869 INFO [main] org.apache.coyote.AbstractProtocol.pause Pausing ProtocolHandler ["http-nio-8080"]
15-Apr-2018 16:05:56.925 INFO [main] org.apache.coyote.AbstractProtocol.pause Pausing ProtocolHandler ["ajp-nio-8009"]
15-Apr-2018 16:05:56.976 INFO [main] org.apache.catalina.core.StandardService.stopInternal Stopping service [Catalina]
15-Apr-2018 16:05:57.007 INFO [main] org.apache.coyote.AbstractProtocol.stop Stopping ProtocolHandler ["http-nio-8080"]
15-Apr-2018 16:05:57.010 INFO [main] org.apache.coyote.AbstractProtocol.stop Stopping ProtocolHandler ["ajp-nio-8009"]
15-Apr-2018 16:05:57.012 INFO [main] org.apache.coyote.AbstractProtocol.destroy Destroying ProtocolHandler ["http-nio-8080"]
15-Apr-2018 16:05:57.013 INFO [main] org.apache.coyote.AbstractProtocol.destroy Destroying ProtocolHandler ["ajp-nio-8009"]
15-Apr-2018 16:05:59.211 INFO [main] org.apache.catalina.startup.VersionLoggerListener.log Server version:        Apache Tomcat/9.0.6
15-Apr-2018 16:05:59.215 INFO [main] org.apache.catalina.startup.VersionLoggerListener.log Server built:          Mar 5 2018 09:34:35 UTC
15-Apr-2018 16:05:59.216 INFO [main] org.apache.catalina.startup.VersionLoggerListener.log Server number:         9.0.6.0
15-Apr-2018 16:05:59.216 INFO [main] org.apache.catalina.startup.VersionLoggerListener.log OS Name:               Linux
15-Apr-2018 16:05:59.216 INFO [main] org.apache.catalina.startup.VersionLoggerListener.log OS Version:            3.10.0-693.11.6.el7.x86_64
15-Apr-2018 16:05:59.216 INFO [main] org.apache.catalina.startup.VersionLoggerListener.log Architecture:          amd64
15-Apr-2018 16:05:59.216 INFO [main] org.apache.catalina.startup.VersionLoggerListener.log Java Home:             /usr/lib/jvm/java-1.8.0-openjdk-1.8.0.161-0.b14.el7_4.x86_64/jre
15-Apr-2018 16:05:59.216 INFO [main] org.apache.catalina.startup.VersionLoggerListener.log JVM Version:           1.8.0_161-b14
15-Apr-2018 16:05:59.217 INFO [main] org.apache.catalina.startup.VersionLoggerListener.log JVM Vendor:            Oracle Corporation
15-Apr-2018 16:05:59.217 INFO [main] org.apache.catalina.startup.VersionLoggerListener.log CATALINA_BASE:         /home/amsaa/Comp4321-Project/apache-tomcat-9.0.6
15-Apr-2018 16:05:59.217 INFO [main] org.apache.catalina.startup.VersionLoggerListener.log CATALINA_HOME:         /home/amsaa/Comp4321-Project/apache-tomcat-9.0.6
15-Apr-2018 16:05:59.217 INFO [main] org.apache.catalina.startup.VersionLoggerListener.log Command line argument: -Djava.util.logging.config.file=/home/amsaa/Comp4321-Project/apache-tomcat-9.0.6/conf/logging.properties
15-Apr-2018 16:05:59.218 INFO [main] org.apache.catalina.startup.VersionLoggerListener.log Command line argument: -Djava.util.logging.manager=org.apache.juli.ClassLoaderLogManager
15-Apr-2018 16:05:59.218 INFO [main] org.apache.catalina.startup.VersionLoggerListener.log Command line argument: -Djdk.tls.ephemeralDHKeySize=2048
15-Apr-2018 16:05:59.218 INFO [main] org.apache.catalina.startup.VersionLoggerListener.log Command line argument: -Djava.protocol.handler.pkgs=org.apache.catalina.webresources
15-Apr-2018 16:05:59.218 INFO [main] org.apache.catalina.startup.VersionLoggerListener.log Command line argument: -Dignore.endorsed.dirs=
15-Apr-2018 16:05:59.218 INFO [main] org.apache.catalina.startup.VersionLoggerListener.log Command line argument: -Dcatalina.base=/home/amsaa/Comp4321-Project/apache-tomcat-9.0.6
15-Apr-2018 16:05:59.218 INFO [main] org.apache.catalina.startup.VersionLoggerListener.log Command line argument: -Dcatalina.home=/home/amsaa/Comp4321-Project/apache-tomcat-9.0.6
15-Apr-2018 16:05:59.219 INFO [main] org.apache.catalina.startup.VersionLoggerListener.log Command line argument: -Djava.io.tmpdir=/home/amsaa/Comp4321-Project/apache-tomcat-9.0.6/temp
15-Apr-2018 16:05:59.219 INFO [main] org.apache.catalina.core.AprLifecycleListener.lifecycleEvent The APR based Apache Tomcat Native library which allows optimal performance in production environments was not found on the java.library.path: [/usr/java/packages/lib/amd64:/usr/lib64:/lib64:/lib:/usr/lib]
15-Apr-2018 16:05:59.353 INFO [main] org.apache.coyote.AbstractProtocol.init Initializing ProtocolHandler ["http-nio-8080"]
15-Apr-2018 16:05:59.375 INFO [main] org.apache.tomcat.util.net.NioSelectorPool.getSharedSelector Using a shared selector for servlet write/read
15-Apr-2018 16:05:59.385 INFO [main] org.apache.coyote.AbstractProtocol.init Initializing ProtocolHandler ["ajp-nio-8009"]
15-Apr-2018 16:05:59.386 INFO [main] org.apache.tomcat.util.net.NioSelectorPool.getSharedSelector Using a shared selector for servlet write/read
15-Apr-2018 16:05:59.388 INFO [main] org.apache.catalina.startup.Catalina.load Initialization processed in 880 ms
15-Apr-2018 16:05:59.422 INFO [main] org.apache.catalina.core.StandardService.startInternal Starting service [Catalina]
15-Apr-2018 16:05:59.423 INFO [main] org.apache.catalina.core.StandardEngine.startInternal Starting Servlet Engine: Apache Tomcat/9.0.6
15-Apr-2018 16:05:59.434 INFO [main] org.apache.catalina.startup.HostConfig.deployDirectory Deploying web application directory [/home/amsaa/Comp4321-Project/apache-tomcat-9.0.6/webapps/docs]
15-Apr-2018 16:05:59.759 INFO [main] org.apache.catalina.startup.HostConfig.deployDirectory Deployment of web application directory [/home/amsaa/Comp4321-Project/apache-tomcat-9.0.6/webapps/docs] has finished in [324] ms
15-Apr-2018 16:05:59.759 INFO [main] org.apache.catalina.startup.HostConfig.deployDirectory Deploying web application directory [/home/amsaa/Comp4321-Project/apache-tomcat-9.0.6/webapps/examples]
15-Apr-2018 16:05:59.991 INFO [main] org.apache.catalina.startup.HostConfig.deployDirectory Deployment of web application directory [/home/amsaa/Comp4321-Project/apache-tomcat-9.0.6/webapps/examples] has finished in [232] ms
15-Apr-2018 16:05:59.991 INFO [main] org.apache.catalina.startup.HostConfig.deployDirectory Deploying web application directory [/home/amsaa/Comp4321-Project/apache-tomcat-9.0.6/webapps/host-manager]
15-Apr-2018 16:06:00.017 INFO [main] org.apache.catalina.startup.HostConfig.deployDirectory Deployment of web application directory [/home/amsaa/Comp4321-Project/apache-tomcat-9.0.6/webapps/host-manager] has finished in [26] ms
15-Apr-2018 16:06:00.017 INFO [main] org.apache.catalina.startup.HostConfig.deployDirectory Deploying web application directory [/home/amsaa/Comp4321-Project/apache-tomcat-9.0.6/webapps/manager]
15-Apr-2018 16:06:00.036 INFO [main] org.apache.catalina.startup.HostConfig.deployDirectory Deployment of web application directory [/home/amsaa/Comp4321-Project/apache-tomcat-9.0.6/webapps/manager] has finished in [19] ms
15-Apr-2018 16:06:00.036 INFO [main] org.apache.catalina.startup.HostConfig.deployDirectory Deploying web application directory [/home/amsaa/Comp4321-Project/apache-tomcat-9.0.6/webapps/ROOT]
15-Apr-2018 16:06:00.049 INFO [main] org.apache.catalina.startup.HostConfig.deployDirectory Deployment of web application directory [/home/amsaa/Comp4321-Project/apache-tomcat-9.0.6/webapps/ROOT] has finished in [13] ms
15-Apr-2018 16:06:00.052 INFO [main] org.apache.coyote.AbstractProtocol.start Starting ProtocolHandler ["http-nio-8080"]
15-Apr-2018 16:06:00.060 INFO [main] org.apache.coyote.AbstractProtocol.start Starting ProtocolHandler ["ajp-nio-8009"]
15-Apr-2018 16:06:00.071 INFO [main] org.apache.catalina.startup.Catalina.start Server startup in 682 ms
15-Apr-2018 16:06:30.024 INFO [main] org.apache.catalina.core.StandardServer.await A valid shutdown command was received via the shutdown port. Stopping the Server instance.
15-Apr-2018 16:06:30.025 INFO [main] org.apache.coyote.AbstractProtocol.pause Pausing ProtocolHandler ["http-nio-8080"]
15-Apr-2018 16:06:30.081 INFO [main] org.apache.coyote.AbstractProtocol.pause Pausing ProtocolHandler ["ajp-nio-8009"]
15-Apr-2018 16:06:30.132 INFO [main] org.apache.catalina.core.StandardService.stopInternal Stopping service [Catalina]
15-Apr-2018 16:06:30.176 INFO [main] org.apache.coyote.AbstractProtocol.stop Stopping ProtocolHandler ["http-nio-8080"]
15-Apr-2018 16:06:30.183 INFO [main] org.apache.coyote.AbstractProtocol.stop Stopping ProtocolHandler ["ajp-nio-8009"]
15-Apr-2018 16:06:30.185 INFO [main] org.apache.coyote.AbstractProtocol.destroy Destroying ProtocolHandler ["http-nio-8080"]
15-Apr-2018 16:06:30.186 INFO [main] org.apache.coyote.AbstractProtocol.destroy Destroying ProtocolHandler ["ajp-nio-8009"]
15-Apr-2018 16:06:34.329 INFO [main] org.apache.catalina.startup.VersionLoggerListener.log Server version:        Apache Tomcat/9.0.6
15-Apr-2018 16:06:34.332 INFO [main] org.apache.catalina.startup.VersionLoggerListener.log Server built:          Mar 5 2018 09:34:35 UTC
15-Apr-2018 16:06:34.332 INFO [main] org.apache.catalina.startup.VersionLoggerListener.log Server number:         9.0.6.0
15-Apr-2018 16:06:34.333 INFO [main] org.apache.catalina.startup.VersionLoggerListener.log OS Name:               Linux
15-Apr-2018 16:06:34.333 INFO [main] org.apache.catalina.startup.VersionLoggerListener.log OS Version:            3.10.0-693.11.6.el7.x86_64
15-Apr-2018 16:06:34.333 INFO [main] org.apache.catalina.startup.VersionLoggerListener.log Architecture:          amd64
15-Apr-2018 16:06:34.333 INFO [main] org.apache.catalina.startup.VersionLoggerListener.log Java Home:             /usr/lib/jvm/java-1.8.0-openjdk-1.8.0.161-0.b14.el7_4.x86_64/jre
15-Apr-2018 16:06:34.333 INFO [main] org.apache.catalina.startup.VersionLoggerListener.log JVM Version:           1.8.0_161-b14
15-Apr-2018 16:06:34.334 INFO [main] org.apache.catalina.startup.VersionLoggerListener.log JVM Vendor:            Oracle Corporation
15-Apr-2018 16:06:34.334 INFO [main] org.apache.catalina.startup.VersionLoggerListener.log CATALINA_BASE:         /home/amsaa/Comp4321-Project/apache-tomcat-9.0.6
15-Apr-2018 16:06:34.334 INFO [main] org.apache.catalina.startup.VersionLoggerListener.log CATALINA_HOME:         /home/amsaa/Comp4321-Project/apache-tomcat-9.0.6
15-Apr-2018 16:06:34.334 INFO [main] org.apache.catalina.startup.VersionLoggerListener.log Command line argument: -Djava.util.logging.config.file=/home/amsaa/Comp4321-Project/apache-tomcat-9.0.6/conf/logging.properties
15-Apr-2018 16:06:34.334 INFO [main] org.apache.catalina.startup.VersionLoggerListener.log Command line argument: -Djava.util.logging.manager=org.apache.juli.ClassLoaderLogManager
15-Apr-2018 16:06:34.335 INFO [main] org.apache.catalina.startup.VersionLoggerListener.log Command line argument: -Djdk.tls.ephemeralDHKeySize=2048
15-Apr-2018 16:06:34.335 INFO [main] org.apache.catalina.startup.VersionLoggerListener.log Command line argument: -Djava.protocol.handler.pkgs=org.apache.catalina.webresources
15-Apr-2018 16:06:34.335 INFO [main] org.apache.catalina.startup.VersionLoggerListener.log Command line argument: -Dignore.endorsed.dirs=
15-Apr-2018 16:06:34.335 INFO [main] org.apache.catalina.startup.VersionLoggerListener.log Command line argument: -Dcatalina.base=/home/amsaa/Comp4321-Project/apache-tomcat-9.0.6
15-Apr-2018 16:06:34.335 INFO [main] org.apache.catalina.startup.VersionLoggerListener.log Command line argument: -Dcatalina.home=/home/amsaa/Comp4321-Project/apache-tomcat-9.0.6
15-Apr-2018 16:06:34.335 INFO [main] org.apache.catalina.startup.VersionLoggerListener.log Command line argument: -Djava.io.tmpdir=/home/amsaa/Comp4321-Project/apache-tomcat-9.0.6/temp
15-Apr-2018 16:06:34.336 INFO [main] org.apache.catalina.core.AprLifecycleListener.lifecycleEvent The APR based Apache Tomcat Native library which allows optimal performance in production environments was not found on the java.library.path: [/usr/java/packages/lib/amd64:/usr/lib64:/lib64:/lib:/usr/lib]
15-Apr-2018 16:06:34.476 INFO [main] org.apache.coyote.AbstractProtocol.init Initializing ProtocolHandler ["http-nio-8080"]
15-Apr-2018 16:06:34.496 INFO [main] org.apache.tomcat.util.net.NioSelectorPool.getSharedSelector Using a shared selector for servlet write/read
15-Apr-2018 16:06:34.506 INFO [main] org.apache.coyote.AbstractProtocol.init Initializing ProtocolHandler ["ajp-nio-8009"]
15-Apr-2018 16:06:34.507 INFO [main] org.apache.tomcat.util.net.NioSelectorPool.getSharedSelector Using a shared selector for servlet write/read
15-Apr-2018 16:06:34.510 INFO [main] org.apache.catalina.startup.Catalina.load Initialization processed in 854 ms
15-Apr-2018 16:06:34.533 INFO [main] org.apache.catalina.core.StandardService.startInternal Starting service [Catalina]
15-Apr-2018 16:06:34.533 INFO [main] org.apache.catalina.core.StandardEngine.startInternal Starting Servlet Engine: Apache Tomcat/9.0.6
15-Apr-2018 16:06:34.540 INFO [main] org.apache.catalina.startup.HostConfig.deployDirectory Deploying web application directory [/home/amsaa/Comp4321-Project/apache-tomcat-9.0.6/webapps/docs]
15-Apr-2018 16:06:34.849 INFO [main] org.apache.catalina.startup.HostConfig.deployDirectory Deployment of web application directory [/home/amsaa/Comp4321-Project/apache-tomcat-9.0.6/webapps/docs] has finished in [309] ms
15-Apr-2018 16:06:34.850 INFO [main] org.apache.catalina.startup.HostConfig.deployDirectory Deploying web application directory [/home/amsaa/Comp4321-Project/apache-tomcat-9.0.6/webapps/examples]
15-Apr-2018 16:06:35.090 INFO [main] org.apache.catalina.startup.HostConfig.deployDirectory Deployment of web application directory [/home/amsaa/Comp4321-Project/apache-tomcat-9.0.6/webapps/examples] has finished in [240] ms
15-Apr-2018 16:06:35.091 INFO [main] org.apache.catalina.startup.HostConfig.deployDirectory Deploying web application directory [/home/amsaa/Comp4321-Project/apache-tomcat-9.0.6/webapps/host-manager]
15-Apr-2018 16:06:35.113 INFO [main] org.apache.catalina.startup.HostConfig.deployDirectory Deployment of web application directory [/home/amsaa/Comp4321-Project/apache-tomcat-9.0.6/webapps/host-manager] has finished in [22] ms
15-Apr-2018 16:06:35.113 INFO [main] org.apache.catalina.startup.HostConfig.deployDirectory Deploying web application directory [/home/amsaa/Comp4321-Project/apache-tomcat-9.0.6/webapps/manager]
15-Apr-2018 16:06:35.131 INFO [main] org.apache.catalina.startup.HostConfig.deployDirectory Deployment of web application directory [/home/amsaa/Comp4321-Project/apache-tomcat-9.0.6/webapps/manager] has finished in [18] ms
15-Apr-2018 16:06:35.131 INFO [main] org.apache.catalina.startup.HostConfig.deployDirectory Deploying web application directory [/home/amsaa/Comp4321-Project/apache-tomcat-9.0.6/webapps/ROOT]
15-Apr-2018 16:06:35.143 INFO [main] org.apache.catalina.startup.HostConfig.deployDirectory Deployment of web application directory [/home/amsaa/Comp4321-Project/apache-tomcat-9.0.6/webapps/ROOT] has finished in [12] ms
15-Apr-2018 16:06:35.145 INFO [main] org.apache.coyote.AbstractProtocol.start Starting ProtocolHandler ["http-nio-8080"]
15-Apr-2018 16:06:35.153 INFO [main] org.apache.coyote.AbstractProtocol.start Starting ProtocolHandler ["ajp-nio-8009"]
15-Apr-2018 16:06:35.158 INFO [main] org.apache.catalina.startup.Catalina.start Server startup in 647 ms
15-Apr-2018 16:08:46.286 INFO [main] org.apache.catalina.core.StandardServer.await A valid shutdown command was received via the shutdown port. Stopping the Server instance.
15-Apr-2018 16:08:46.286 INFO [main] org.apache.coyote.AbstractProtocol.pause Pausing ProtocolHandler ["http-nio-8080"]
15-Apr-2018 16:08:46.342 INFO [main] org.apache.coyote.AbstractProtocol.pause Pausing ProtocolHandler ["ajp-nio-8009"]
15-Apr-2018 16:08:46.393 INFO [main] org.apache.catalina.core.StandardService.stopInternal Stopping service [Catalina]
15-Apr-2018 16:08:46.433 INFO [main] org.apache.coyote.AbstractProtocol.stop Stopping ProtocolHandler ["http-nio-8080"]
15-Apr-2018 16:08:46.441 INFO [main] org.apache.coyote.AbstractProtocol.stop Stopping ProtocolHandler ["ajp-nio-8009"]
15-Apr-2018 16:08:46.444 INFO [main] org.apache.coyote.AbstractProtocol.destroy Destroying ProtocolHandler ["http-nio-8080"]
15-Apr-2018 16:08:46.446 INFO [main] org.apache.coyote.AbstractProtocol.destroy Destroying ProtocolHandler ["ajp-nio-8009"]
15-Apr-2018 16:08:49.434 INFO [main] org.apache.catalina.startup.VersionLoggerListener.log Server version:        Apache Tomcat/9.0.6
15-Apr-2018 16:08:49.440 INFO [main] org.apache.catalina.startup.VersionLoggerListener.log Server built:          Mar 5 2018 09:34:35 UTC
15-Apr-2018 16:08:49.440 INFO [main] org.apache.catalina.startup.VersionLoggerListener.log Server number:         9.0.6.0
15-Apr-2018 16:08:49.440 INFO [main] org.apache.catalina.startup.VersionLoggerListener.log OS Name:               Linux
15-Apr-2018 16:08:49.441 INFO [main] org.apache.catalina.startup.VersionLoggerListener.log OS Version:            3.10.0-693.11.6.el7.x86_64
15-Apr-2018 16:08:49.441 INFO [main] org.apache.catalina.startup.VersionLoggerListener.log Architecture:          amd64
15-Apr-2018 16:08:49.441 INFO [main] org.apache.catalina.startup.VersionLoggerListener.log Java Home:             /usr/lib/jvm/java-1.8.0-openjdk-1.8.0.161-0.b14.el7_4.x86_64/jre
15-Apr-2018 16:08:49.441 INFO [main] org.apache.catalina.startup.VersionLoggerListener.log JVM Version:           1.8.0_161-b14
15-Apr-2018 16:08:49.441 INFO [main] org.apache.catalina.startup.VersionLoggerListener.log JVM Vendor:            Oracle Corporation
15-Apr-2018 16:08:49.442 INFO [main] org.apache.catalina.startup.VersionLoggerListener.log CATALINA_BASE:         /home/amsaa/Comp4321-Project/apache-tomcat-9.0.6
15-Apr-2018 16:08:49.442 INFO [main] org.apache.catalina.startup.VersionLoggerListener.log CATALINA_HOME:         /home/amsaa/Comp4321-Project/apache-tomcat-9.0.6
15-Apr-2018 16:08:49.442 INFO [main] org.apache.catalina.startup.VersionLoggerListener.log Command line argument: -Djava.util.logging.config.file=/home/amsaa/Comp4321-Project/apache-tomcat-9.0.6/conf/logging.properties
15-Apr-2018 16:08:49.442 INFO [main] org.apache.catalina.startup.VersionLoggerListener.log Command line argument: -Djava.util.logging.manager=org.apache.juli.ClassLoaderLogManager
15-Apr-2018 16:08:49.443 INFO [main] org.apache.catalina.startup.VersionLoggerListener.log Command line argument: -Djdk.tls.ephemeralDHKeySize=2048
15-Apr-2018 16:08:49.443 INFO [main] org.apache.catalina.startup.VersionLoggerListener.log Command line argument: -Djava.protocol.handler.pkgs=org.apache.catalina.webresources
15-Apr-2018 16:08:49.443 INFO [main] org.apache.catalina.startup.VersionLoggerListener.log Command line argument: -Dignore.endorsed.dirs=
15-Apr-2018 16:08:49.443 INFO [main] org.apache.catalina.startup.VersionLoggerListener.log Command line argument: -Dcatalina.base=/home/amsaa/Comp4321-Project/apache-tomcat-9.0.6
15-Apr-2018 16:08:49.443 INFO [main] org.apache.catalina.startup.VersionLoggerListener.log Command line argument: -Dcatalina.home=/home/amsaa/Comp4321-Project/apache-tomcat-9.0.6
15-Apr-2018 16:08:49.444 INFO [main] org.apache.catalina.startup.VersionLoggerListener.log Command line argument: -Djava.io.tmpdir=/home/amsaa/Comp4321-Project/apache-tomcat-9.0.6/temp
15-Apr-2018 16:08:49.444 INFO [main] org.apache.catalina.core.AprLifecycleListener.lifecycleEvent The APR based Apache Tomcat Native library which allows optimal performance in production environments was not found on the java.library.path: [/usr/java/packages/lib/amd64:/usr/lib64:/lib64:/lib:/usr/lib]
15-Apr-2018 16:08:49.594 INFO [main] org.apache.coyote.AbstractProtocol.init Initializing ProtocolHandler ["http-nio-8080"]
15-Apr-2018 16:08:49.616 INFO [main] org.apache.tomcat.util.net.NioSelectorPool.getSharedSelector Using a shared selector for servlet write/read
15-Apr-2018 16:08:49.626 INFO [main] org.apache.coyote.AbstractProtocol.init Initializing ProtocolHandler ["ajp-nio-8009"]
15-Apr-2018 16:08:49.628 INFO [main] org.apache.tomcat.util.net.NioSelectorPool.getSharedSelector Using a shared selector for servlet write/read
15-Apr-2018 16:08:49.633 INFO [main] org.apache.catalina.startup.Catalina.load Initialization processed in 918 ms
15-Apr-2018 16:08:49.676 INFO [main] org.apache.catalina.core.StandardService.startInternal Starting service [Catalina]
15-Apr-2018 16:08:49.677 INFO [main] org.apache.catalina.core.StandardEngine.startInternal Starting Servlet Engine: Apache Tomcat/9.0.6
15-Apr-2018 16:08:49.688 INFO [main] org.apache.catalina.startup.HostConfig.deployDirectory Deploying web application directory [/home/amsaa/Comp4321-Project/apache-tomcat-9.0.6/webapps/docs]
15-Apr-2018 16:08:50.132 INFO [main] org.apache.catalina.startup.HostConfig.deployDirectory Deployment of web application directory [/home/amsaa/Comp4321-Project/apache-tomcat-9.0.6/webapps/docs] has finished in [444] ms
15-Apr-2018 16:08:50.133 INFO [main] org.apache.catalina.startup.HostConfig.deployDirectory Deploying web application directory [/home/amsaa/Comp4321-Project/apache-tomcat-9.0.6/webapps/examples]
15-Apr-2018 16:08:50.394 INFO [main] org.apache.catalina.startup.HostConfig.deployDirectory Deployment of web application directory [/home/amsaa/Comp4321-Project/apache-tomcat-9.0.6/webapps/examples] has finished in [262] ms
15-Apr-2018 16:08:50.394 INFO [main] org.apache.catalina.startup.HostConfig.deployDirectory Deploying web application directory [/home/amsaa/Comp4321-Project/apache-tomcat-9.0.6/webapps/host-manager]
15-Apr-2018 16:08:50.417 INFO [main] org.apache.catalina.startup.HostConfig.deployDirectory Deployment of web application directory [/home/amsaa/Comp4321-Project/apache-tomcat-9.0.6/webapps/host-manager] has finished in [23] ms
15-Apr-2018 16:08:50.417 INFO [main] org.apache.catalina.startup.HostConfig.deployDirectory Deploying web application directory [/home/amsaa/Comp4321-Project/apache-tomcat-9.0.6/webapps/manager]
15-Apr-2018 16:08:50.435 INFO [main] org.apache.catalina.startup.HostConfig.deployDirectory Deployment of web application directory [/home/amsaa/Comp4321-Project/apache-tomcat-9.0.6/webapps/manager] has finished in [18] ms
15-Apr-2018 16:08:50.435 INFO [main] org.apache.catalina.startup.HostConfig.deployDirectory Deploying web application directory [/home/amsaa/Comp4321-Project/apache-tomcat-9.0.6/webapps/ROOT]
15-Apr-2018 16:08:50.447 INFO [main] org.apache.catalina.startup.HostConfig.deployDirectory Deployment of web application directory [/home/amsaa/Comp4321-Project/apache-tomcat-9.0.6/webapps/ROOT] has finished in [12] ms
15-Apr-2018 16:08:50.450 INFO [main] org.apache.coyote.AbstractProtocol.start Starting ProtocolHandler ["http-nio-8080"]
15-Apr-2018 16:08:50.462 INFO [main] org.apache.coyote.AbstractProtocol.start Starting ProtocolHandler ["ajp-nio-8009"]
15-Apr-2018 16:08:50.464 INFO [main] org.apache.catalina.startup.Catalina.start Server startup in 831 ms
15-Apr-2018 16:13:06.122 INFO [main] org.apache.catalina.core.StandardServer.await A valid shutdown command was received via the shutdown port. Stopping the Server instance.
15-Apr-2018 16:13:06.124 INFO [main] org.apache.coyote.AbstractProtocol.pause Pausing ProtocolHandler ["http-nio-8080"]
15-Apr-2018 16:13:06.179 INFO [main] org.apache.coyote.AbstractProtocol.pause Pausing ProtocolHandler ["ajp-nio-8009"]
15-Apr-2018 16:13:06.231 INFO [main] org.apache.catalina.core.StandardService.stopInternal Stopping service [Catalina]
15-Apr-2018 16:13:06.284 INFO [main] org.apache.coyote.AbstractProtocol.stop Stopping ProtocolHandler ["http-nio-8080"]
15-Apr-2018 16:13:06.286 INFO [main] org.apache.coyote.AbstractProtocol.stop Stopping ProtocolHandler ["ajp-nio-8009"]
15-Apr-2018 16:13:06.292 INFO [main] org.apache.coyote.AbstractProtocol.destroy Destroying ProtocolHandler ["http-nio-8080"]
15-Apr-2018 16:13:06.293 INFO [main] org.apache.coyote.AbstractProtocol.destroy Destroying ProtocolHandler ["ajp-nio-8009"]
15-Apr-2018 16:13:10.822 INFO [main] org.apache.catalina.startup.VersionLoggerListener.log Server version:        Apache Tomcat/9.0.6
15-Apr-2018 16:13:10.824 INFO [main] org.apache.catalina.startup.VersionLoggerListener.log Server built:          Mar 5 2018 09:34:35 UTC
15-Apr-2018 16:13:10.824 INFO [main] org.apache.catalina.startup.VersionLoggerListener.log Server number:         9.0.6.0
15-Apr-2018 16:13:10.824 INFO [main] org.apache.catalina.startup.VersionLoggerListener.log OS Name:               Linux
15-Apr-2018 16:13:10.824 INFO [main] org.apache.catalina.startup.VersionLoggerListener.log OS Version:            3.10.0-693.11.6.el7.x86_64
15-Apr-2018 16:13:10.824 INFO [main] org.apache.catalina.startup.VersionLoggerListener.log Architecture:          amd64
15-Apr-2018 16:13:10.825 INFO [main] org.apache.catalina.startup.VersionLoggerListener.log Java Home:             /usr/lib/jvm/java-1.8.0-openjdk-1.8.0.161-0.b14.el7_4.x86_64/jre
15-Apr-2018 16:13:10.825 INFO [main] org.apache.catalina.startup.VersionLoggerListener.log JVM Version:           1.8.0_161-b14
15-Apr-2018 16:13:10.825 INFO [main] org.apache.catalina.startup.VersionLoggerListener.log JVM Vendor:            Oracle Corporation
15-Apr-2018 16:13:10.825 INFO [main] org.apache.catalina.startup.VersionLoggerListener.log CATALINA_BASE:         /home/amsaa/Comp4321-Project/apache-tomcat-9.0.6
15-Apr-2018 16:13:10.825 INFO [main] org.apache.catalina.startup.VersionLoggerListener.log CATALINA_HOME:         /home/amsaa/Comp4321-Project/apache-tomcat-9.0.6
15-Apr-2018 16:13:10.825 INFO [main] org.apache.catalina.startup.VersionLoggerListener.log Command line argument: -Djava.util.logging.config.file=/home/amsaa/Comp4321-Project/apache-tomcat-9.0.6/conf/logging.properties
15-Apr-2018 16:13:10.825 INFO [main] org.apache.catalina.startup.VersionLoggerListener.log Command line argument: -Djava.util.logging.manager=org.apache.juli.ClassLoaderLogManager
15-Apr-2018 16:13:10.825 INFO [main] org.apache.catalina.startup.VersionLoggerListener.log Command line argument: -Djdk.tls.ephemeralDHKeySize=2048
15-Apr-2018 16:13:10.826 INFO [main] org.apache.catalina.startup.VersionLoggerListener.log Command line argument: -Djava.protocol.handler.pkgs=org.apache.catalina.webresources
15-Apr-2018 16:13:10.826 INFO [main] org.apache.catalina.startup.VersionLoggerListener.log Command line argument: -Dignore.endorsed.dirs=
15-Apr-2018 16:13:10.826 INFO [main] org.apache.catalina.startup.VersionLoggerListener.log Command line argument: -Dcatalina.base=/home/amsaa/Comp4321-Project/apache-tomcat-9.0.6
15-Apr-2018 16:13:10.826 INFO [main] org.apache.catalina.startup.VersionLoggerListener.log Command line argument: -Dcatalina.home=/home/amsaa/Comp4321-Project/apache-tomcat-9.0.6
15-Apr-2018 16:13:10.826 INFO [main] org.apache.catalina.startup.VersionLoggerListener.log Command line argument: -Djava.io.tmpdir=/home/amsaa/Comp4321-Project/apache-tomcat-9.0.6/temp
15-Apr-2018 16:13:10.826 INFO [main] org.apache.catalina.core.AprLifecycleListener.lifecycleEvent The APR based Apache Tomcat Native library which allows optimal performance in production environments was not found on the java.library.path: [/usr/java/packages/lib/amd64:/usr/lib64:/lib64:/lib:/usr/lib]
15-Apr-2018 16:13:10.931 INFO [main] org.apache.coyote.AbstractProtocol.init Initializing ProtocolHandler ["http-nio-8080"]
15-Apr-2018 16:13:10.946 INFO [main] org.apache.tomcat.util.net.NioSelectorPool.getSharedSelector Using a shared selector for servlet write/read
15-Apr-2018 16:13:10.953 INFO [main] org.apache.coyote.AbstractProtocol.init Initializing ProtocolHandler ["ajp-nio-8009"]
15-Apr-2018 16:13:10.954 INFO [main] org.apache.tomcat.util.net.NioSelectorPool.getSharedSelector Using a shared selector for servlet write/read
15-Apr-2018 16:13:10.954 INFO [main] org.apache.catalina.startup.Catalina.load Initialization processed in 626 ms
15-Apr-2018 16:13:10.977 INFO [main] org.apache.catalina.core.StandardService.startInternal Starting service [Catalina]
15-Apr-2018 16:13:10.977 INFO [main] org.apache.catalina.core.StandardEngine.startInternal Starting Servlet Engine: Apache Tomcat/9.0.6
15-Apr-2018 16:13:10.985 INFO [main] org.apache.catalina.startup.HostConfig.deployDirectory Deploying web application directory [/home/amsaa/Comp4321-Project/apache-tomcat-9.0.6/webapps/docs]
15-Apr-2018 16:13:11.311 INFO [main] org.apache.catalina.startup.HostConfig.deployDirectory Deployment of web application directory [/home/amsaa/Comp4321-Project/apache-tomcat-9.0.6/webapps/docs] has finished in [325] ms
15-Apr-2018 16:13:11.311 INFO [main] org.apache.catalina.startup.HostConfig.deployDirectory Deploying web application directory [/home/amsaa/Comp4321-Project/apache-tomcat-9.0.6/webapps/examples]
15-Apr-2018 16:13:11.563 INFO [main] org.apache.catalina.startup.HostConfig.deployDirectory Deployment of web application directory [/home/amsaa/Comp4321-Project/apache-tomcat-9.0.6/webapps/examples] has finished in [252] ms
15-Apr-2018 16:13:11.563 INFO [main] org.apache.catalina.startup.HostConfig.deployDirectory Deploying web application directory [/home/amsaa/Comp4321-Project/apache-tomcat-9.0.6/webapps/host-manager]
15-Apr-2018 16:13:11.585 INFO [main] org.apache.catalina.startup.HostConfig.deployDirectory Deployment of web application directory [/home/amsaa/Comp4321-Project/apache-tomcat-9.0.6/webapps/host-manager] has finished in [22] ms
15-Apr-2018 16:13:11.585 INFO [main] org.apache.catalina.startup.HostConfig.deployDirectory Deploying web application directory [/home/amsaa/Comp4321-Project/apache-tomcat-9.0.6/webapps/manager]
15-Apr-2018 16:13:11.603 INFO [main] org.apache.catalina.startup.HostConfig.deployDirectory Deployment of web application directory [/home/amsaa/Comp4321-Project/apache-tomcat-9.0.6/webapps/manager] has finished in [18] ms
15-Apr-2018 16:13:11.603 INFO [main] org.apache.catalina.startup.HostConfig.deployDirectory Deploying web application directory [/home/amsaa/Comp4321-Project/apache-tomcat-9.0.6/webapps/ROOT]
15-Apr-2018 16:13:11.625 INFO [main] org.apache.catalina.startup.HostConfig.deployDirectory Deployment of web application directory [/home/amsaa/Comp4321-Project/apache-tomcat-9.0.6/webapps/ROOT] has finished in [22] ms
15-Apr-2018 16:13:11.628 INFO [main] org.apache.coyote.AbstractProtocol.start Starting ProtocolHandler ["http-nio-8080"]
15-Apr-2018 16:13:11.642 INFO [main] org.apache.coyote.AbstractProtocol.start Starting ProtocolHandler ["ajp-nio-8009"]
15-Apr-2018 16:13:11.644 INFO [main] org.apache.catalina.startup.Catalina.start Server startup in 690 ms
15-Apr-2018 16:14:13.805 INFO [main] org.apache.catalina.core.StandardServer.await A valid shutdown command was received via the shutdown port. Stopping the Server instance.
15-Apr-2018 16:14:13.805 INFO [main] org.apache.coyote.AbstractProtocol.pause Pausing ProtocolHandler ["http-nio-8080"]
15-Apr-2018 16:14:13.861 INFO [main] org.apache.coyote.AbstractProtocol.pause Pausing ProtocolHandler ["ajp-nio-8009"]
15-Apr-2018 16:14:13.913 INFO [main] org.apache.catalina.core.StandardService.stopInternal Stopping service [Catalina]
15-Apr-2018 16:14:13.963 INFO [main] org.apache.coyote.AbstractProtocol.stop Stopping ProtocolHandler ["http-nio-8080"]
15-Apr-2018 16:14:13.970 INFO [main] org.apache.coyote.AbstractProtocol.stop Stopping ProtocolHandler ["ajp-nio-8009"]
15-Apr-2018 16:14:13.974 INFO [main] org.apache.coyote.AbstractProtocol.destroy Destroying ProtocolHandler ["http-nio-8080"]
15-Apr-2018 16:14:13.975 INFO [main] org.apache.coyote.AbstractProtocol.destroy Destroying ProtocolHandler ["ajp-nio-8009"]
