19-Apr-2018 00:12:08.969 INFO [main] org.apache.catalina.startup.VersionLoggerListener.log Server version:        Apache Tomcat/9.0.6
19-Apr-2018 00:12:08.973 INFO [main] org.apache.catalina.startup.VersionLoggerListener.log Server built:          Mar 5 2018 09:34:35 UTC
19-Apr-2018 00:12:08.973 INFO [main] org.apache.catalina.startup.VersionLoggerListener.log Server number:         9.0.6.0
19-Apr-2018 00:12:08.973 INFO [main] org.apache.catalina.startup.VersionLoggerListener.log OS Name:               Linux
19-Apr-2018 00:12:08.973 INFO [main] org.apache.catalina.startup.VersionLoggerListener.log OS Version:            3.10.0-693.11.6.el7.x86_64
19-Apr-2018 00:12:08.974 INFO [main] org.apache.catalina.startup.VersionLoggerListener.log Architecture:          amd64
19-Apr-2018 00:12:08.974 INFO [main] org.apache.catalina.startup.VersionLoggerListener.log Java Home:             /usr/lib/jvm/java-1.8.0-openjdk-1.8.0.161-0.b14.el7_4.x86_64/jre
19-Apr-2018 00:12:08.974 INFO [main] org.apache.catalina.startup.VersionLoggerListener.log JVM Version:           1.8.0_161-b14
19-Apr-2018 00:12:08.974 INFO [main] org.apache.catalina.startup.VersionLoggerListener.log JVM Vendor:            Oracle Corporation
19-Apr-2018 00:12:08.974 INFO [main] org.apache.catalina.startup.VersionLoggerListener.log CATALINA_BASE:         /home/amsaa/Comp4321-Project/apache-tomcat-9.0.6
19-Apr-2018 00:12:08.974 INFO [main] org.apache.catalina.startup.VersionLoggerListener.log CATALINA_HOME:         /home/amsaa/Comp4321-Project/apache-tomcat-9.0.6
19-Apr-2018 00:12:08.975 INFO [main] org.apache.catalina.startup.VersionLoggerListener.log Command line argument: -Djava.util.logging.config.file=/home/amsaa/Comp4321-Project/apache-tomcat-9.0.6/conf/logging.properties
19-Apr-2018 00:12:08.975 INFO [main] org.apache.catalina.startup.VersionLoggerListener.log Command line argument: -Djava.util.logging.manager=org.apache.juli.ClassLoaderLogManager
19-Apr-2018 00:12:08.975 INFO [main] org.apache.catalina.startup.VersionLoggerListener.log Command line argument: -Djdk.tls.ephemeralDHKeySize=2048
19-Apr-2018 00:12:08.975 INFO [main] org.apache.catalina.startup.VersionLoggerListener.log Command line argument: -Djava.protocol.handler.pkgs=org.apache.catalina.webresources
19-Apr-2018 00:12:08.975 INFO [main] org.apache.catalina.startup.VersionLoggerListener.log Command line argument: -Dignore.endorsed.dirs=
19-Apr-2018 00:12:08.976 INFO [main] org.apache.catalina.startup.VersionLoggerListener.log Command line argument: -Dcatalina.base=/home/amsaa/Comp4321-Project/apache-tomcat-9.0.6
19-Apr-2018 00:12:08.976 INFO [main] org.apache.catalina.startup.VersionLoggerListener.log Command line argument: -Dcatalina.home=/home/amsaa/Comp4321-Project/apache-tomcat-9.0.6
19-Apr-2018 00:12:08.976 INFO [main] org.apache.catalina.startup.VersionLoggerListener.log Command line argument: -Djava.io.tmpdir=/home/amsaa/Comp4321-Project/apache-tomcat-9.0.6/temp
19-Apr-2018 00:12:08.976 INFO [main] org.apache.catalina.core.AprLifecycleListener.lifecycleEvent The APR based Apache Tomcat Native library which allows optimal performance in production environments was not found on the java.library.path: [/usr/java/packages/lib/amd64:/usr/lib64:/lib64:/lib:/usr/lib]
19-Apr-2018 00:12:09.112 INFO [main] org.apache.coyote.AbstractProtocol.init Initializing ProtocolHandler ["http-nio-8080"]
19-Apr-2018 00:12:09.149 INFO [main] org.apache.tomcat.util.net.NioSelectorPool.getSharedSelector Using a shared selector for servlet write/read
19-Apr-2018 00:12:09.159 INFO [main] org.apache.coyote.AbstractProtocol.init Initializing ProtocolHandler ["ajp-nio-8009"]
19-Apr-2018 00:12:09.160 INFO [main] org.apache.tomcat.util.net.NioSelectorPool.getSharedSelector Using a shared selector for servlet write/read
19-Apr-2018 00:12:09.164 INFO [main] org.apache.catalina.startup.Catalina.load Initialization processed in 888 ms
19-Apr-2018 00:12:09.197 INFO [main] org.apache.catalina.core.StandardService.startInternal Starting service [Catalina]
19-Apr-2018 00:12:09.197 INFO [main] org.apache.catalina.core.StandardEngine.startInternal Starting Servlet Engine: Apache Tomcat/9.0.6
19-Apr-2018 00:12:09.212 INFO [main] org.apache.catalina.startup.HostConfig.deployDirectory Deploying web application directory [/home/amsaa/Comp4321-Project/apache-tomcat-9.0.6/webapps/docs]
19-Apr-2018 00:12:09.694 INFO [main] org.apache.catalina.startup.HostConfig.deployDirectory Deployment of web application directory [/home/amsaa/Comp4321-Project/apache-tomcat-9.0.6/webapps/docs] has finished in [482] ms
19-Apr-2018 00:12:09.694 INFO [main] org.apache.catalina.startup.HostConfig.deployDirectory Deploying web application directory [/home/amsaa/Comp4321-Project/apache-tomcat-9.0.6/webapps/examples]
19-Apr-2018 00:12:09.977 INFO [main] org.apache.catalina.startup.HostConfig.deployDirectory Deployment of web application directory [/home/amsaa/Comp4321-Project/apache-tomcat-9.0.6/webapps/examples] has finished in [283] ms
19-Apr-2018 00:12:09.978 INFO [main] org.apache.catalina.startup.HostConfig.deployDirectory Deploying web application directory [/home/amsaa/Comp4321-Project/apache-tomcat-9.0.6/webapps/host-manager]
19-Apr-2018 00:12:10.001 INFO [main] org.apache.catalina.startup.HostConfig.deployDirectory Deployment of web application directory [/home/amsaa/Comp4321-Project/apache-tomcat-9.0.6/webapps/host-manager] has finished in [23] ms
19-Apr-2018 00:12:10.001 INFO [main] org.apache.catalina.startup.HostConfig.deployDirectory Deploying web application directory [/home/amsaa/Comp4321-Project/apache-tomcat-9.0.6/webapps/manager]
19-Apr-2018 00:12:10.026 INFO [main] org.apache.catalina.startup.HostConfig.deployDirectory Deployment of web application directory [/home/amsaa/Comp4321-Project/apache-tomcat-9.0.6/webapps/manager] has finished in [25] ms
19-Apr-2018 00:12:10.026 INFO [main] org.apache.catalina.startup.HostConfig.deployDirectory Deploying web application directory [/home/amsaa/Comp4321-Project/apache-tomcat-9.0.6/webapps/ROOT]
19-Apr-2018 00:12:10.109 INFO [main] org.apache.jasper.servlet.TldScanner.scanJars At least one JAR was scanned for TLDs yet contained no TLDs. Enable debug logging for this logger for a complete list of JARs that were scanned but no TLDs were found in them. Skipping unneeded JARs during scanning can improve startup time and JSP compilation time.
19-Apr-2018 00:12:10.121 INFO [main] org.apache.catalina.startup.HostConfig.deployDirectory Deployment of web application directory [/home/amsaa/Comp4321-Project/apache-tomcat-9.0.6/webapps/ROOT] has finished in [95] ms
19-Apr-2018 00:12:10.128 INFO [main] org.apache.coyote.AbstractProtocol.start Starting ProtocolHandler ["http-nio-8080"]
19-Apr-2018 00:12:10.137 INFO [main] org.apache.coyote.AbstractProtocol.start Starting ProtocolHandler ["ajp-nio-8009"]
19-Apr-2018 00:12:10.139 INFO [main] org.apache.catalina.startup.Catalina.start Server startup in 974 ms
19-Apr-2018 00:12:37.025 INFO [main] org.apache.catalina.core.StandardServer.await A valid shutdown command was received via the shutdown port. Stopping the Server instance.
19-Apr-2018 00:12:37.025 INFO [main] org.apache.coyote.AbstractProtocol.pause Pausing ProtocolHandler ["http-nio-8080"]
19-Apr-2018 00:12:37.080 INFO [main] org.apache.coyote.AbstractProtocol.pause Pausing ProtocolHandler ["ajp-nio-8009"]
19-Apr-2018 00:12:37.132 INFO [main] org.apache.catalina.core.StandardService.stopInternal Stopping service [Catalina]
19-Apr-2018 00:12:37.172 INFO [main] org.apache.coyote.AbstractProtocol.stop Stopping ProtocolHandler ["http-nio-8080"]
19-Apr-2018 00:12:37.178 INFO [main] org.apache.coyote.AbstractProtocol.stop Stopping ProtocolHandler ["ajp-nio-8009"]
19-Apr-2018 00:12:37.181 INFO [main] org.apache.coyote.AbstractProtocol.destroy Destroying ProtocolHandler ["http-nio-8080"]
19-Apr-2018 00:12:37.183 INFO [main] org.apache.coyote.AbstractProtocol.destroy Destroying ProtocolHandler ["ajp-nio-8009"]
19-Apr-2018 00:23:59.172 INFO [main] org.apache.catalina.startup.VersionLoggerListener.log Server version:        Apache Tomcat/9.0.6
19-Apr-2018 00:23:59.175 INFO [main] org.apache.catalina.startup.VersionLoggerListener.log Server built:          Mar 5 2018 09:34:35 UTC
19-Apr-2018 00:23:59.175 INFO [main] org.apache.catalina.startup.VersionLoggerListener.log Server number:         9.0.6.0
19-Apr-2018 00:23:59.176 INFO [main] org.apache.catalina.startup.VersionLoggerListener.log OS Name:               Linux
19-Apr-2018 00:23:59.176 INFO [main] org.apache.catalina.startup.VersionLoggerListener.log OS Version:            3.10.0-693.11.6.el7.x86_64
19-Apr-2018 00:23:59.176 INFO [main] org.apache.catalina.startup.VersionLoggerListener.log Architecture:          amd64
19-Apr-2018 00:23:59.176 INFO [main] org.apache.catalina.startup.VersionLoggerListener.log Java Home:             /usr/lib/jvm/java-1.8.0-openjdk-1.8.0.161-0.b14.el7_4.x86_64/jre
19-Apr-2018 00:23:59.176 INFO [main] org.apache.catalina.startup.VersionLoggerListener.log JVM Version:           1.8.0_161-b14
19-Apr-2018 00:23:59.176 INFO [main] org.apache.catalina.startup.VersionLoggerListener.log JVM Vendor:            Oracle Corporation
19-Apr-2018 00:23:59.177 INFO [main] org.apache.catalina.startup.VersionLoggerListener.log CATALINA_BASE:         /home/amsaa/Comp4321-Project/apache-tomcat-9.0.6
19-Apr-2018 00:23:59.177 INFO [main] org.apache.catalina.startup.VersionLoggerListener.log CATALINA_HOME:         /home/amsaa/Comp4321-Project/apache-tomcat-9.0.6
19-Apr-2018 00:23:59.177 INFO [main] org.apache.catalina.startup.VersionLoggerListener.log Command line argument: -Djava.util.logging.config.file=/home/amsaa/Comp4321-Project/apache-tomcat-9.0.6/conf/logging.properties
19-Apr-2018 00:23:59.177 INFO [main] org.apache.catalina.startup.VersionLoggerListener.log Command line argument: -Djava.util.logging.manager=org.apache.juli.ClassLoaderLogManager
19-Apr-2018 00:23:59.178 INFO [main] org.apache.catalina.startup.VersionLoggerListener.log Command line argument: -Djdk.tls.ephemeralDHKeySize=2048
19-Apr-2018 00:23:59.178 INFO [main] org.apache.catalina.startup.VersionLoggerListener.log Command line argument: -Djava.protocol.handler.pkgs=org.apache.catalina.webresources
19-Apr-2018 00:23:59.178 INFO [main] org.apache.catalina.startup.VersionLoggerListener.log Command line argument: -Dignore.endorsed.dirs=
19-Apr-2018 00:23:59.178 INFO [main] org.apache.catalina.startup.VersionLoggerListener.log Command line argument: -Dcatalina.base=/home/amsaa/Comp4321-Project/apache-tomcat-9.0.6
19-Apr-2018 00:23:59.178 INFO [main] org.apache.catalina.startup.VersionLoggerListener.log Command line argument: -Dcatalina.home=/home/amsaa/Comp4321-Project/apache-tomcat-9.0.6
19-Apr-2018 00:23:59.178 INFO [main] org.apache.catalina.startup.VersionLoggerListener.log Command line argument: -Djava.io.tmpdir=/home/amsaa/Comp4321-Project/apache-tomcat-9.0.6/temp
19-Apr-2018 00:23:59.179 INFO [main] org.apache.catalina.core.AprLifecycleListener.lifecycleEvent The APR based Apache Tomcat Native library which allows optimal performance in production environments was not found on the java.library.path: [/usr/java/packages/lib/amd64:/usr/lib64:/lib64:/lib:/usr/lib]
19-Apr-2018 00:23:59.346 INFO [main] org.apache.coyote.AbstractProtocol.init Initializing ProtocolHandler ["http-nio-8080"]
19-Apr-2018 00:23:59.368 INFO [main] org.apache.tomcat.util.net.NioSelectorPool.getSharedSelector Using a shared selector for servlet write/read
19-Apr-2018 00:23:59.378 INFO [main] org.apache.coyote.AbstractProtocol.init Initializing ProtocolHandler ["ajp-nio-8009"]
19-Apr-2018 00:23:59.380 INFO [main] org.apache.tomcat.util.net.NioSelectorPool.getSharedSelector Using a shared selector for servlet write/read
19-Apr-2018 00:23:59.383 INFO [main] org.apache.catalina.startup.Catalina.load Initialization processed in 919 ms
19-Apr-2018 00:23:59.425 INFO [main] org.apache.catalina.core.StandardService.startInternal Starting service [Catalina]
19-Apr-2018 00:23:59.426 INFO [main] org.apache.catalina.core.StandardEngine.startInternal Starting Servlet Engine: Apache Tomcat/9.0.6
19-Apr-2018 00:23:59.441 INFO [main] org.apache.catalina.startup.HostConfig.deployDirectory Deploying web application directory [/home/amsaa/Comp4321-Project/apache-tomcat-9.0.6/webapps/docs]
19-Apr-2018 00:23:59.837 INFO [main] org.apache.catalina.startup.HostConfig.deployDirectory Deployment of web application directory [/home/amsaa/Comp4321-Project/apache-tomcat-9.0.6/webapps/docs] has finished in [395] ms
19-Apr-2018 00:23:59.837 INFO [main] org.apache.catalina.startup.HostConfig.deployDirectory Deploying web application directory [/home/amsaa/Comp4321-Project/apache-tomcat-9.0.6/webapps/examples]
19-Apr-2018 00:24:00.151 INFO [main] org.apache.catalina.startup.HostConfig.deployDirectory Deployment of web application directory [/home/amsaa/Comp4321-Project/apache-tomcat-9.0.6/webapps/examples] has finished in [314] ms
19-Apr-2018 00:24:00.152 INFO [main] org.apache.catalina.startup.HostConfig.deployDirectory Deploying web application directory [/home/amsaa/Comp4321-Project/apache-tomcat-9.0.6/webapps/host-manager]
19-Apr-2018 00:24:00.197 INFO [main] org.apache.catalina.startup.HostConfig.deployDirectory Deployment of web application directory [/home/amsaa/Comp4321-Project/apache-tomcat-9.0.6/webapps/host-manager] has finished in [46] ms
19-Apr-2018 00:24:00.197 INFO [main] org.apache.catalina.startup.HostConfig.deployDirectory Deploying web application directory [/home/amsaa/Comp4321-Project/apache-tomcat-9.0.6/webapps/manager]
19-Apr-2018 00:24:00.237 INFO [main] org.apache.catalina.startup.HostConfig.deployDirectory Deployment of web application directory [/home/amsaa/Comp4321-Project/apache-tomcat-9.0.6/webapps/manager] has finished in [40] ms
19-Apr-2018 00:24:00.237 INFO [main] org.apache.catalina.startup.HostConfig.deployDirectory Deploying web application directory [/home/amsaa/Comp4321-Project/apache-tomcat-9.0.6/webapps/ROOT]
19-Apr-2018 00:24:00.395 INFO [main] org.apache.jasper.servlet.TldScanner.scanJars At least one JAR was scanned for TLDs yet contained no TLDs. Enable debug logging for this logger for a complete list of JARs that were scanned but no TLDs were found in them. Skipping unneeded JARs during scanning can improve startup time and JSP compilation time.
19-Apr-2018 00:24:00.417 INFO [main] org.apache.catalina.startup.HostConfig.deployDirectory Deployment of web application directory [/home/amsaa/Comp4321-Project/apache-tomcat-9.0.6/webapps/ROOT] has finished in [180] ms
19-Apr-2018 00:24:00.421 INFO [main] org.apache.coyote.AbstractProtocol.start Starting ProtocolHandler ["http-nio-8080"]
19-Apr-2018 00:24:00.441 INFO [main] org.apache.coyote.AbstractProtocol.start Starting ProtocolHandler ["ajp-nio-8009"]
19-Apr-2018 00:24:00.446 INFO [main] org.apache.catalina.startup.Catalina.start Server startup in 1063 ms
19-Apr-2018 00:40:11.908 INFO [main] org.apache.catalina.core.StandardServer.await A valid shutdown command was received via the shutdown port. Stopping the Server instance.
19-Apr-2018 00:40:11.909 INFO [main] org.apache.coyote.AbstractProtocol.pause Pausing ProtocolHandler ["http-nio-8080"]
19-Apr-2018 00:40:11.964 INFO [main] org.apache.coyote.AbstractProtocol.pause Pausing ProtocolHandler ["ajp-nio-8009"]
19-Apr-2018 00:40:12.016 INFO [main] org.apache.catalina.core.StandardService.stopInternal Stopping service [Catalina]
19-Apr-2018 00:40:12.051 INFO [main] org.apache.coyote.AbstractProtocol.stop Stopping ProtocolHandler ["http-nio-8080"]
19-Apr-2018 00:40:12.059 INFO [main] org.apache.coyote.AbstractProtocol.stop Stopping ProtocolHandler ["ajp-nio-8009"]
19-Apr-2018 00:40:12.064 INFO [main] org.apache.coyote.AbstractProtocol.destroy Destroying ProtocolHandler ["http-nio-8080"]
19-Apr-2018 00:40:12.065 INFO [main] org.apache.coyote.AbstractProtocol.destroy Destroying ProtocolHandler ["ajp-nio-8009"]
19-Apr-2018 00:40:14.397 INFO [main] org.apache.catalina.startup.VersionLoggerListener.log Server version:        Apache Tomcat/9.0.6
19-Apr-2018 00:40:14.400 INFO [main] org.apache.catalina.startup.VersionLoggerListener.log Server built:          Mar 5 2018 09:34:35 UTC
19-Apr-2018 00:40:14.400 INFO [main] org.apache.catalina.startup.VersionLoggerListener.log Server number:         9.0.6.0
19-Apr-2018 00:40:14.400 INFO [main] org.apache.catalina.startup.VersionLoggerListener.log OS Name:               Linux
19-Apr-2018 00:40:14.400 INFO [main] org.apache.catalina.startup.VersionLoggerListener.log OS Version:            3.10.0-693.11.6.el7.x86_64
19-Apr-2018 00:40:14.401 INFO [main] org.apache.catalina.startup.VersionLoggerListener.log Architecture:          amd64
19-Apr-2018 00:40:14.401 INFO [main] org.apache.catalina.startup.VersionLoggerListener.log Java Home:             /usr/lib/jvm/java-1.8.0-openjdk-1.8.0.161-0.b14.el7_4.x86_64/jre
19-Apr-2018 00:40:14.401 INFO [main] org.apache.catalina.startup.VersionLoggerListener.log JVM Version:           1.8.0_161-b14
19-Apr-2018 00:40:14.401 INFO [main] org.apache.catalina.startup.VersionLoggerListener.log JVM Vendor:            Oracle Corporation
19-Apr-2018 00:40:14.401 INFO [main] org.apache.catalina.startup.VersionLoggerListener.log CATALINA_BASE:         /home/amsaa/Comp4321-Project/apache-tomcat-9.0.6
19-Apr-2018 00:40:14.401 INFO [main] org.apache.catalina.startup.VersionLoggerListener.log CATALINA_HOME:         /home/amsaa/Comp4321-Project/apache-tomcat-9.0.6
19-Apr-2018 00:40:14.402 INFO [main] org.apache.catalina.startup.VersionLoggerListener.log Command line argument: -Djava.util.logging.config.file=/home/amsaa/Comp4321-Project/apache-tomcat-9.0.6/conf/logging.properties
19-Apr-2018 00:40:14.402 INFO [main] org.apache.catalina.startup.VersionLoggerListener.log Command line argument: -Djava.util.logging.manager=org.apache.juli.ClassLoaderLogManager
19-Apr-2018 00:40:14.402 INFO [main] org.apache.catalina.startup.VersionLoggerListener.log Command line argument: -Djdk.tls.ephemeralDHKeySize=2048
19-Apr-2018 00:40:14.402 INFO [main] org.apache.catalina.startup.VersionLoggerListener.log Command line argument: -Djava.protocol.handler.pkgs=org.apache.catalina.webresources
19-Apr-2018 00:40:14.402 INFO [main] org.apache.catalina.startup.VersionLoggerListener.log Command line argument: -Dignore.endorsed.dirs=
19-Apr-2018 00:40:14.403 INFO [main] org.apache.catalina.startup.VersionLoggerListener.log Command line argument: -Dcatalina.base=/home/amsaa/Comp4321-Project/apache-tomcat-9.0.6
19-Apr-2018 00:40:14.403 INFO [main] org.apache.catalina.startup.VersionLoggerListener.log Command line argument: -Dcatalina.home=/home/amsaa/Comp4321-Project/apache-tomcat-9.0.6
19-Apr-2018 00:40:14.403 INFO [main] org.apache.catalina.startup.VersionLoggerListener.log Command line argument: -Djava.io.tmpdir=/home/amsaa/Comp4321-Project/apache-tomcat-9.0.6/temp
19-Apr-2018 00:40:14.403 INFO [main] org.apache.catalina.core.AprLifecycleListener.lifecycleEvent The APR based Apache Tomcat Native library which allows optimal performance in production environments was not found on the java.library.path: [/usr/java/packages/lib/amd64:/usr/lib64:/lib64:/lib:/usr/lib]
19-Apr-2018 00:40:14.566 INFO [main] org.apache.coyote.AbstractProtocol.init Initializing ProtocolHandler ["http-nio-8080"]
19-Apr-2018 00:40:14.587 INFO [main] org.apache.tomcat.util.net.NioSelectorPool.getSharedSelector Using a shared selector for servlet write/read
19-Apr-2018 00:40:14.599 INFO [main] org.apache.coyote.AbstractProtocol.init Initializing ProtocolHandler ["ajp-nio-8009"]
19-Apr-2018 00:40:14.600 INFO [main] org.apache.tomcat.util.net.NioSelectorPool.getSharedSelector Using a shared selector for servlet write/read
19-Apr-2018 00:40:14.604 INFO [main] org.apache.catalina.startup.Catalina.load Initialization processed in 897 ms
19-Apr-2018 00:40:14.644 INFO [main] org.apache.catalina.core.StandardService.startInternal Starting service [Catalina]
19-Apr-2018 00:40:14.644 INFO [main] org.apache.catalina.core.StandardEngine.startInternal Starting Servlet Engine: Apache Tomcat/9.0.6
19-Apr-2018 00:40:14.657 INFO [main] org.apache.catalina.startup.HostConfig.deployDirectory Deploying web application directory [/home/amsaa/Comp4321-Project/apache-tomcat-9.0.6/webapps/docs]
19-Apr-2018 00:40:15.129 INFO [main] org.apache.catalina.startup.HostConfig.deployDirectory Deployment of web application directory [/home/amsaa/Comp4321-Project/apache-tomcat-9.0.6/webapps/docs] has finished in [471] ms
19-Apr-2018 00:40:15.129 INFO [main] org.apache.catalina.startup.HostConfig.deployDirectory Deploying web application directory [/home/amsaa/Comp4321-Project/apache-tomcat-9.0.6/webapps/examples]
19-Apr-2018 00:40:15.416 INFO [main] org.apache.catalina.startup.HostConfig.deployDirectory Deployment of web application directory [/home/amsaa/Comp4321-Project/apache-tomcat-9.0.6/webapps/examples] has finished in [287] ms
19-Apr-2018 00:40:15.416 INFO [main] org.apache.catalina.startup.HostConfig.deployDirectory Deploying web application directory [/home/amsaa/Comp4321-Project/apache-tomcat-9.0.6/webapps/host-manager]
19-Apr-2018 00:40:15.445 INFO [main] org.apache.catalina.startup.HostConfig.deployDirectory Deployment of web application directory [/home/amsaa/Comp4321-Project/apache-tomcat-9.0.6/webapps/host-manager] has finished in [28] ms
19-Apr-2018 00:40:15.445 INFO [main] org.apache.catalina.startup.HostConfig.deployDirectory Deploying web application directory [/home/amsaa/Comp4321-Project/apache-tomcat-9.0.6/webapps/manager]
19-Apr-2018 00:40:15.470 INFO [main] org.apache.catalina.startup.HostConfig.deployDirectory Deployment of web application directory [/home/amsaa/Comp4321-Project/apache-tomcat-9.0.6/webapps/manager] has finished in [25] ms
19-Apr-2018 00:40:15.470 INFO [main] org.apache.catalina.startup.HostConfig.deployDirectory Deploying web application directory [/home/amsaa/Comp4321-Project/apache-tomcat-9.0.6/webapps/ROOT]
19-Apr-2018 00:40:15.558 INFO [main] org.apache.jasper.servlet.TldScanner.scanJars At least one JAR was scanned for TLDs yet contained no TLDs. Enable debug logging for this logger for a complete list of JARs that were scanned but no TLDs were found in them. Skipping unneeded JARs during scanning can improve startup time and JSP compilation time.
19-Apr-2018 00:40:15.574 INFO [main] org.apache.catalina.startup.HostConfig.deployDirectory Deployment of web application directory [/home/amsaa/Comp4321-Project/apache-tomcat-9.0.6/webapps/ROOT] has finished in [104] ms
19-Apr-2018 00:40:15.579 INFO [main] org.apache.coyote.AbstractProtocol.start Starting ProtocolHandler ["http-nio-8080"]
19-Apr-2018 00:40:15.589 INFO [main] org.apache.coyote.AbstractProtocol.start Starting ProtocolHandler ["ajp-nio-8009"]
19-Apr-2018 00:40:15.592 INFO [main] org.apache.catalina.startup.Catalina.start Server startup in 987 ms
19-Apr-2018 00:43:08.108 INFO [main] org.apache.catalina.core.StandardServer.await A valid shutdown command was received via the shutdown port. Stopping the Server instance.
19-Apr-2018 00:43:08.108 INFO [main] org.apache.coyote.AbstractProtocol.pause Pausing ProtocolHandler ["http-nio-8080"]
19-Apr-2018 00:43:08.164 INFO [main] org.apache.coyote.AbstractProtocol.pause Pausing ProtocolHandler ["ajp-nio-8009"]
19-Apr-2018 00:43:08.215 INFO [main] org.apache.catalina.core.StandardService.stopInternal Stopping service [Catalina]
19-Apr-2018 00:43:08.256 INFO [main] org.apache.coyote.AbstractProtocol.stop Stopping ProtocolHandler ["http-nio-8080"]
19-Apr-2018 00:43:08.260 INFO [main] org.apache.coyote.AbstractProtocol.stop Stopping ProtocolHandler ["ajp-nio-8009"]
19-Apr-2018 00:43:08.262 INFO [main] org.apache.coyote.AbstractProtocol.destroy Destroying ProtocolHandler ["http-nio-8080"]
19-Apr-2018 00:43:08.263 INFO [main] org.apache.coyote.AbstractProtocol.destroy Destroying ProtocolHandler ["ajp-nio-8009"]
19-Apr-2018 00:43:10.498 INFO [main] org.apache.catalina.startup.VersionLoggerListener.log Server version:        Apache Tomcat/9.0.6
19-Apr-2018 00:43:10.501 INFO [main] org.apache.catalina.startup.VersionLoggerListener.log Server built:          Mar 5 2018 09:34:35 UTC
19-Apr-2018 00:43:10.502 INFO [main] org.apache.catalina.startup.VersionLoggerListener.log Server number:         9.0.6.0
19-Apr-2018 00:43:10.502 INFO [main] org.apache.catalina.startup.VersionLoggerListener.log OS Name:               Linux
19-Apr-2018 00:43:10.502 INFO [main] org.apache.catalina.startup.VersionLoggerListener.log OS Version:            3.10.0-693.11.6.el7.x86_64
19-Apr-2018 00:43:10.502 INFO [main] org.apache.catalina.startup.VersionLoggerListener.log Architecture:          amd64
19-Apr-2018 00:43:10.502 INFO [main] org.apache.catalina.startup.VersionLoggerListener.log Java Home:             /usr/lib/jvm/java-1.8.0-openjdk-1.8.0.161-0.b14.el7_4.x86_64/jre
19-Apr-2018 00:43:10.502 INFO [main] org.apache.catalina.startup.VersionLoggerListener.log JVM Version:           1.8.0_161-b14
19-Apr-2018 00:43:10.503 INFO [main] org.apache.catalina.startup.VersionLoggerListener.log JVM Vendor:            Oracle Corporation
19-Apr-2018 00:43:10.503 INFO [main] org.apache.catalina.startup.VersionLoggerListener.log CATALINA_BASE:         /home/amsaa/Comp4321-Project/apache-tomcat-9.0.6
19-Apr-2018 00:43:10.503 INFO [main] org.apache.catalina.startup.VersionLoggerListener.log CATALINA_HOME:         /home/amsaa/Comp4321-Project/apache-tomcat-9.0.6
19-Apr-2018 00:43:10.503 INFO [main] org.apache.catalina.startup.VersionLoggerListener.log Command line argument: -Djava.util.logging.config.file=/home/amsaa/Comp4321-Project/apache-tomcat-9.0.6/conf/logging.properties
19-Apr-2018 00:43:10.503 INFO [main] org.apache.catalina.startup.VersionLoggerListener.log Command line argument: -Djava.util.logging.manager=org.apache.juli.ClassLoaderLogManager
19-Apr-2018 00:43:10.504 INFO [main] org.apache.catalina.startup.VersionLoggerListener.log Command line argument: -Djdk.tls.ephemeralDHKeySize=2048
19-Apr-2018 00:43:10.504 INFO [main] org.apache.catalina.startup.VersionLoggerListener.log Command line argument: -Djava.protocol.handler.pkgs=org.apache.catalina.webresources
19-Apr-2018 00:43:10.504 INFO [main] org.apache.catalina.startup.VersionLoggerListener.log Command line argument: -Dignore.endorsed.dirs=
19-Apr-2018 00:43:10.504 INFO [main] org.apache.catalina.startup.VersionLoggerListener.log Command line argument: -Dcatalina.base=/home/amsaa/Comp4321-Project/apache-tomcat-9.0.6
19-Apr-2018 00:43:10.504 INFO [main] org.apache.catalina.startup.VersionLoggerListener.log Command line argument: -Dcatalina.home=/home/amsaa/Comp4321-Project/apache-tomcat-9.0.6
19-Apr-2018 00:43:10.504 INFO [main] org.apache.catalina.startup.VersionLoggerListener.log Command line argument: -Djava.io.tmpdir=/home/amsaa/Comp4321-Project/apache-tomcat-9.0.6/temp
19-Apr-2018 00:43:10.505 INFO [main] org.apache.catalina.core.AprLifecycleListener.lifecycleEvent The APR based Apache Tomcat Native library which allows optimal performance in production environments was not found on the java.library.path: [/usr/java/packages/lib/amd64:/usr/lib64:/lib64:/lib:/usr/lib]
19-Apr-2018 00:43:10.664 INFO [main] org.apache.coyote.AbstractProtocol.init Initializing ProtocolHandler ["http-nio-8080"]
19-Apr-2018 00:43:10.685 INFO [main] org.apache.tomcat.util.net.NioSelectorPool.getSharedSelector Using a shared selector for servlet write/read
19-Apr-2018 00:43:10.694 INFO [main] org.apache.coyote.AbstractProtocol.init Initializing ProtocolHandler ["ajp-nio-8009"]
19-Apr-2018 00:43:10.696 INFO [main] org.apache.tomcat.util.net.NioSelectorPool.getSharedSelector Using a shared selector for servlet write/read
19-Apr-2018 00:43:10.698 INFO [main] org.apache.catalina.startup.Catalina.load Initialization processed in 870 ms
19-Apr-2018 00:43:10.736 INFO [main] org.apache.catalina.core.StandardService.startInternal Starting service [Catalina]
19-Apr-2018 00:43:10.736 INFO [main] org.apache.catalina.core.StandardEngine.startInternal Starting Servlet Engine: Apache Tomcat/9.0.6
19-Apr-2018 00:43:10.751 INFO [main] org.apache.catalina.startup.HostConfig.deployDirectory Deploying web application directory [/home/amsaa/Comp4321-Project/apache-tomcat-9.0.6/webapps/docs]
19-Apr-2018 00:43:11.254 INFO [main] org.apache.catalina.startup.HostConfig.deployDirectory Deployment of web application directory [/home/amsaa/Comp4321-Project/apache-tomcat-9.0.6/webapps/docs] has finished in [503] ms
19-Apr-2018 00:43:11.255 INFO [main] org.apache.catalina.startup.HostConfig.deployDirectory Deploying web application directory [/home/amsaa/Comp4321-Project/apache-tomcat-9.0.6/webapps/examples]
19-Apr-2018 00:43:11.486 INFO [main] org.apache.catalina.startup.HostConfig.deployDirectory Deployment of web application directory [/home/amsaa/Comp4321-Project/apache-tomcat-9.0.6/webapps/examples] has finished in [232] ms
19-Apr-2018 00:43:11.487 INFO [main] org.apache.catalina.startup.HostConfig.deployDirectory Deploying web application directory [/home/amsaa/Comp4321-Project/apache-tomcat-9.0.6/webapps/host-manager]
19-Apr-2018 00:43:11.508 INFO [main] org.apache.catalina.startup.HostConfig.deployDirectory Deployment of web application directory [/home/amsaa/Comp4321-Project/apache-tomcat-9.0.6/webapps/host-manager] has finished in [21] ms
19-Apr-2018 00:43:11.509 INFO [main] org.apache.catalina.startup.HostConfig.deployDirectory Deploying web application directory [/home/amsaa/Comp4321-Project/apache-tomcat-9.0.6/webapps/manager]
19-Apr-2018 00:43:11.526 INFO [main] org.apache.catalina.startup.HostConfig.deployDirectory Deployment of web application directory [/home/amsaa/Comp4321-Project/apache-tomcat-9.0.6/webapps/manager] has finished in [17] ms
19-Apr-2018 00:43:11.526 INFO [main] org.apache.catalina.startup.HostConfig.deployDirectory Deploying web application directory [/home/amsaa/Comp4321-Project/apache-tomcat-9.0.6/webapps/ROOT]
19-Apr-2018 00:43:11.593 INFO [main] org.apache.jasper.servlet.TldScanner.scanJars At least one JAR was scanned for TLDs yet contained no TLDs. Enable debug logging for this logger for a complete list of JARs that were scanned but no TLDs were found in them. Skipping unneeded JARs during scanning can improve startup time and JSP compilation time.
19-Apr-2018 00:43:11.606 INFO [main] org.apache.catalina.startup.HostConfig.deployDirectory Deployment of web application directory [/home/amsaa/Comp4321-Project/apache-tomcat-9.0.6/webapps/ROOT] has finished in [80] ms
19-Apr-2018 00:43:11.608 INFO [main] org.apache.coyote.AbstractProtocol.start Starting ProtocolHandler ["http-nio-8080"]
19-Apr-2018 00:43:11.616 INFO [main] org.apache.coyote.AbstractProtocol.start Starting ProtocolHandler ["ajp-nio-8009"]
19-Apr-2018 00:43:11.619 INFO [main] org.apache.catalina.startup.Catalina.start Server startup in 920 ms
19-Apr-2018 00:44:41.891 INFO [main] org.apache.catalina.core.StandardServer.await A valid shutdown command was received via the shutdown port. Stopping the Server instance.
19-Apr-2018 00:44:41.892 INFO [main] org.apache.coyote.AbstractProtocol.pause Pausing ProtocolHandler ["http-nio-8080"]
19-Apr-2018 00:44:41.946 INFO [main] org.apache.coyote.AbstractProtocol.pause Pausing ProtocolHandler ["ajp-nio-8009"]
19-Apr-2018 00:44:41.998 INFO [main] org.apache.catalina.core.StandardService.stopInternal Stopping service [Catalina]
19-Apr-2018 00:44:42.044 INFO [main] org.apache.coyote.AbstractProtocol.stop Stopping ProtocolHandler ["http-nio-8080"]
19-Apr-2018 00:44:42.047 INFO [main] org.apache.coyote.AbstractProtocol.stop Stopping ProtocolHandler ["ajp-nio-8009"]
19-Apr-2018 00:44:42.049 INFO [main] org.apache.coyote.AbstractProtocol.destroy Destroying ProtocolHandler ["http-nio-8080"]
19-Apr-2018 00:44:42.050 INFO [main] org.apache.coyote.AbstractProtocol.destroy Destroying ProtocolHandler ["ajp-nio-8009"]
19-Apr-2018 00:44:43.918 INFO [main] org.apache.catalina.startup.VersionLoggerListener.log Server version:        Apache Tomcat/9.0.6
19-Apr-2018 00:44:43.921 INFO [main] org.apache.catalina.startup.VersionLoggerListener.log Server built:          Mar 5 2018 09:34:35 UTC
19-Apr-2018 00:44:43.922 INFO [main] org.apache.catalina.startup.VersionLoggerListener.log Server number:         9.0.6.0
19-Apr-2018 00:44:43.922 INFO [main] org.apache.catalina.startup.VersionLoggerListener.log OS Name:               Linux
19-Apr-2018 00:44:43.922 INFO [main] org.apache.catalina.startup.VersionLoggerListener.log OS Version:            3.10.0-693.11.6.el7.x86_64
19-Apr-2018 00:44:43.922 INFO [main] org.apache.catalina.startup.VersionLoggerListener.log Architecture:          amd64
19-Apr-2018 00:44:43.922 INFO [main] org.apache.catalina.startup.VersionLoggerListener.log Java Home:             /usr/lib/jvm/java-1.8.0-openjdk-1.8.0.161-0.b14.el7_4.x86_64/jre
19-Apr-2018 00:44:43.922 INFO [main] org.apache.catalina.startup.VersionLoggerListener.log JVM Version:           1.8.0_161-b14
19-Apr-2018 00:44:43.923 INFO [main] org.apache.catalina.startup.VersionLoggerListener.log JVM Vendor:            Oracle Corporation
19-Apr-2018 00:44:43.923 INFO [main] org.apache.catalina.startup.VersionLoggerListener.log CATALINA_BASE:         /home/amsaa/Comp4321-Project/apache-tomcat-9.0.6
19-Apr-2018 00:44:43.923 INFO [main] org.apache.catalina.startup.VersionLoggerListener.log CATALINA_HOME:         /home/amsaa/Comp4321-Project/apache-tomcat-9.0.6
19-Apr-2018 00:44:43.923 INFO [main] org.apache.catalina.startup.VersionLoggerListener.log Command line argument: -Djava.util.logging.config.file=/home/amsaa/Comp4321-Project/apache-tomcat-9.0.6/conf/logging.properties
19-Apr-2018 00:44:43.924 INFO [main] org.apache.catalina.startup.VersionLoggerListener.log Command line argument: -Djava.util.logging.manager=org.apache.juli.ClassLoaderLogManager
19-Apr-2018 00:44:43.924 INFO [main] org.apache.catalina.startup.VersionLoggerListener.log Command line argument: -Djdk.tls.ephemeralDHKeySize=2048
19-Apr-2018 00:44:43.924 INFO [main] org.apache.catalina.startup.VersionLoggerListener.log Command line argument: -Djava.protocol.handler.pkgs=org.apache.catalina.webresources
19-Apr-2018 00:44:43.924 INFO [main] org.apache.catalina.startup.VersionLoggerListener.log Command line argument: -Dignore.endorsed.dirs=
19-Apr-2018 00:44:43.924 INFO [main] org.apache.catalina.startup.VersionLoggerListener.log Command line argument: -Dcatalina.base=/home/amsaa/Comp4321-Project/apache-tomcat-9.0.6
19-Apr-2018 00:44:43.924 INFO [main] org.apache.catalina.startup.VersionLoggerListener.log Command line argument: -Dcatalina.home=/home/amsaa/Comp4321-Project/apache-tomcat-9.0.6
19-Apr-2018 00:44:43.925 INFO [main] org.apache.catalina.startup.VersionLoggerListener.log Command line argument: -Djava.io.tmpdir=/home/amsaa/Comp4321-Project/apache-tomcat-9.0.6/temp
19-Apr-2018 00:44:43.925 INFO [main] org.apache.catalina.core.AprLifecycleListener.lifecycleEvent The APR based Apache Tomcat Native library which allows optimal performance in production environments was not found on the java.library.path: [/usr/java/packages/lib/amd64:/usr/lib64:/lib64:/lib:/usr/lib]
19-Apr-2018 00:44:44.085 INFO [main] org.apache.coyote.AbstractProtocol.init Initializing ProtocolHandler ["http-nio-8080"]
19-Apr-2018 00:44:44.102 INFO [main] org.apache.tomcat.util.net.NioSelectorPool.getSharedSelector Using a shared selector for servlet write/read
19-Apr-2018 00:44:44.107 INFO [main] org.apache.coyote.AbstractProtocol.init Initializing ProtocolHandler ["ajp-nio-8009"]
19-Apr-2018 00:44:44.108 INFO [main] org.apache.tomcat.util.net.NioSelectorPool.getSharedSelector Using a shared selector for servlet write/read
19-Apr-2018 00:44:44.109 INFO [main] org.apache.catalina.startup.Catalina.load Initialization processed in 882 ms
19-Apr-2018 00:44:44.138 INFO [main] org.apache.catalina.core.StandardService.startInternal Starting service [Catalina]
19-Apr-2018 00:44:44.138 INFO [main] org.apache.catalina.core.StandardEngine.startInternal Starting Servlet Engine: Apache Tomcat/9.0.6
19-Apr-2018 00:44:44.145 INFO [main] org.apache.catalina.startup.HostConfig.deployDirectory Deploying web application directory [/home/amsaa/Comp4321-Project/apache-tomcat-9.0.6/webapps/docs]
19-Apr-2018 00:44:44.504 INFO [main] org.apache.catalina.startup.HostConfig.deployDirectory Deployment of web application directory [/home/amsaa/Comp4321-Project/apache-tomcat-9.0.6/webapps/docs] has finished in [358] ms
19-Apr-2018 00:44:44.504 INFO [main] org.apache.catalina.startup.HostConfig.deployDirectory Deploying web application directory [/home/amsaa/Comp4321-Project/apache-tomcat-9.0.6/webapps/examples]
19-Apr-2018 00:44:44.762 INFO [main] org.apache.catalina.startup.HostConfig.deployDirectory Deployment of web application directory [/home/amsaa/Comp4321-Project/apache-tomcat-9.0.6/webapps/examples] has finished in [258] ms
19-Apr-2018 00:44:44.762 INFO [main] org.apache.catalina.startup.HostConfig.deployDirectory Deploying web application directory [/home/amsaa/Comp4321-Project/apache-tomcat-9.0.6/webapps/host-manager]
19-Apr-2018 00:44:44.786 INFO [main] org.apache.catalina.startup.HostConfig.deployDirectory Deployment of web application directory [/home/amsaa/Comp4321-Project/apache-tomcat-9.0.6/webapps/host-manager] has finished in [24] ms
19-Apr-2018 00:44:44.786 INFO [main] org.apache.catalina.startup.HostConfig.deployDirectory Deploying web application directory [/home/amsaa/Comp4321-Project/apache-tomcat-9.0.6/webapps/manager]
19-Apr-2018 00:44:44.808 INFO [main] org.apache.catalina.startup.HostConfig.deployDirectory Deployment of web application directory [/home/amsaa/Comp4321-Project/apache-tomcat-9.0.6/webapps/manager] has finished in [22] ms
19-Apr-2018 00:44:44.808 INFO [main] org.apache.catalina.startup.HostConfig.deployDirectory Deploying web application directory [/home/amsaa/Comp4321-Project/apache-tomcat-9.0.6/webapps/ROOT]
19-Apr-2018 00:44:44.899 INFO [main] org.apache.jasper.servlet.TldScanner.scanJars At least one JAR was scanned for TLDs yet contained no TLDs. Enable debug logging for this logger for a complete list of JARs that were scanned but no TLDs were found in them. Skipping unneeded JARs during scanning can improve startup time and JSP compilation time.
19-Apr-2018 00:44:44.911 INFO [main] org.apache.catalina.startup.HostConfig.deployDirectory Deployment of web application directory [/home/amsaa/Comp4321-Project/apache-tomcat-9.0.6/webapps/ROOT] has finished in [103] ms
19-Apr-2018 00:44:44.917 INFO [main] org.apache.coyote.AbstractProtocol.start Starting ProtocolHandler ["http-nio-8080"]
19-Apr-2018 00:44:44.925 INFO [main] org.apache.coyote.AbstractProtocol.start Starting ProtocolHandler ["ajp-nio-8009"]
19-Apr-2018 00:44:44.928 INFO [main] org.apache.catalina.startup.Catalina.start Server startup in 819 ms
19-Apr-2018 00:45:20.539 INFO [main] org.apache.catalina.core.StandardServer.await A valid shutdown command was received via the shutdown port. Stopping the Server instance.
19-Apr-2018 00:45:20.540 INFO [main] org.apache.coyote.AbstractProtocol.pause Pausing ProtocolHandler ["http-nio-8080"]
19-Apr-2018 00:45:20.595 INFO [main] org.apache.coyote.AbstractProtocol.pause Pausing ProtocolHandler ["ajp-nio-8009"]
19-Apr-2018 00:45:20.646 INFO [main] org.apache.catalina.core.StandardService.stopInternal Stopping service [Catalina]
19-Apr-2018 00:45:20.685 INFO [main] org.apache.coyote.AbstractProtocol.stop Stopping ProtocolHandler ["http-nio-8080"]
19-Apr-2018 00:45:20.691 INFO [main] org.apache.coyote.AbstractProtocol.stop Stopping ProtocolHandler ["ajp-nio-8009"]
19-Apr-2018 00:45:20.694 INFO [main] org.apache.coyote.AbstractProtocol.destroy Destroying ProtocolHandler ["http-nio-8080"]
19-Apr-2018 00:45:20.695 INFO [main] org.apache.coyote.AbstractProtocol.destroy Destroying ProtocolHandler ["ajp-nio-8009"]
19-Apr-2018 00:45:22.748 INFO [main] org.apache.catalina.startup.VersionLoggerListener.log Server version:        Apache Tomcat/9.0.6
19-Apr-2018 00:45:22.750 INFO [main] org.apache.catalina.startup.VersionLoggerListener.log Server built:          Mar 5 2018 09:34:35 UTC
19-Apr-2018 00:45:22.750 INFO [main] org.apache.catalina.startup.VersionLoggerListener.log Server number:         9.0.6.0
19-Apr-2018 00:45:22.750 INFO [main] org.apache.catalina.startup.VersionLoggerListener.log OS Name:               Linux
19-Apr-2018 00:45:22.750 INFO [main] org.apache.catalina.startup.VersionLoggerListener.log OS Version:            3.10.0-693.11.6.el7.x86_64
19-Apr-2018 00:45:22.750 INFO [main] org.apache.catalina.startup.VersionLoggerListener.log Architecture:          amd64
19-Apr-2018 00:45:22.751 INFO [main] org.apache.catalina.startup.VersionLoggerListener.log Java Home:             /usr/lib/jvm/java-1.8.0-openjdk-1.8.0.161-0.b14.el7_4.x86_64/jre
19-Apr-2018 00:45:22.751 INFO [main] org.apache.catalina.startup.VersionLoggerListener.log JVM Version:           1.8.0_161-b14
19-Apr-2018 00:45:22.751 INFO [main] org.apache.catalina.startup.VersionLoggerListener.log JVM Vendor:            Oracle Corporation
19-Apr-2018 00:45:22.751 INFO [main] org.apache.catalina.startup.VersionLoggerListener.log CATALINA_BASE:         /home/amsaa/Comp4321-Project/apache-tomcat-9.0.6
19-Apr-2018 00:45:22.751 INFO [main] org.apache.catalina.startup.VersionLoggerListener.log CATALINA_HOME:         /home/amsaa/Comp4321-Project/apache-tomcat-9.0.6
19-Apr-2018 00:45:22.751 INFO [main] org.apache.catalina.startup.VersionLoggerListener.log Command line argument: -Djava.util.logging.config.file=/home/amsaa/Comp4321-Project/apache-tomcat-9.0.6/conf/logging.properties
19-Apr-2018 00:45:22.751 INFO [main] org.apache.catalina.startup.VersionLoggerListener.log Command line argument: -Djava.util.logging.manager=org.apache.juli.ClassLoaderLogManager
19-Apr-2018 00:45:22.751 INFO [main] org.apache.catalina.startup.VersionLoggerListener.log Command line argument: -Djdk.tls.ephemeralDHKeySize=2048
19-Apr-2018 00:45:22.752 INFO [main] org.apache.catalina.startup.VersionLoggerListener.log Command line argument: -Djava.protocol.handler.pkgs=org.apache.catalina.webresources
19-Apr-2018 00:45:22.752 INFO [main] org.apache.catalina.startup.VersionLoggerListener.log Command line argument: -Dignore.endorsed.dirs=
19-Apr-2018 00:45:22.752 INFO [main] org.apache.catalina.startup.VersionLoggerListener.log Command line argument: -Dcatalina.base=/home/amsaa/Comp4321-Project/apache-tomcat-9.0.6
19-Apr-2018 00:45:22.752 INFO [main] org.apache.catalina.startup.VersionLoggerListener.log Command line argument: -Dcatalina.home=/home/amsaa/Comp4321-Project/apache-tomcat-9.0.6
19-Apr-2018 00:45:22.752 INFO [main] org.apache.catalina.startup.VersionLoggerListener.log Command line argument: -Djava.io.tmpdir=/home/amsaa/Comp4321-Project/apache-tomcat-9.0.6/temp
19-Apr-2018 00:45:22.752 INFO [main] org.apache.catalina.core.AprLifecycleListener.lifecycleEvent The APR based Apache Tomcat Native library which allows optimal performance in production environments was not found on the java.library.path: [/usr/java/packages/lib/amd64:/usr/lib64:/lib64:/lib:/usr/lib]
19-Apr-2018 00:45:22.835 INFO [main] org.apache.coyote.AbstractProtocol.init Initializing ProtocolHandler ["http-nio-8080"]
19-Apr-2018 00:45:22.856 INFO [main] org.apache.tomcat.util.net.NioSelectorPool.getSharedSelector Using a shared selector for servlet write/read
19-Apr-2018 00:45:22.863 INFO [main] org.apache.coyote.AbstractProtocol.init Initializing ProtocolHandler ["ajp-nio-8009"]
19-Apr-2018 00:45:22.864 INFO [main] org.apache.tomcat.util.net.NioSelectorPool.getSharedSelector Using a shared selector for servlet write/read
19-Apr-2018 00:45:22.865 INFO [main] org.apache.catalina.startup.Catalina.load Initialization processed in 664 ms
19-Apr-2018 00:45:22.890 INFO [main] org.apache.catalina.core.StandardService.startInternal Starting service [Catalina]
19-Apr-2018 00:45:22.890 INFO [main] org.apache.catalina.core.StandardEngine.startInternal Starting Servlet Engine: Apache Tomcat/9.0.6
19-Apr-2018 00:45:22.907 INFO [main] org.apache.catalina.startup.HostConfig.deployDirectory Deploying web application directory [/home/amsaa/Comp4321-Project/apache-tomcat-9.0.6/webapps/docs]
19-Apr-2018 00:45:23.256 INFO [main] org.apache.catalina.startup.HostConfig.deployDirectory Deployment of web application directory [/home/amsaa/Comp4321-Project/apache-tomcat-9.0.6/webapps/docs] has finished in [348] ms
19-Apr-2018 00:45:23.256 INFO [main] org.apache.catalina.startup.HostConfig.deployDirectory Deploying web application directory [/home/amsaa/Comp4321-Project/apache-tomcat-9.0.6/webapps/examples]
19-Apr-2018 00:45:23.539 INFO [main] org.apache.catalina.startup.HostConfig.deployDirectory Deployment of web application directory [/home/amsaa/Comp4321-Project/apache-tomcat-9.0.6/webapps/examples] has finished in [283] ms
19-Apr-2018 00:45:23.539 INFO [main] org.apache.catalina.startup.HostConfig.deployDirectory Deploying web application directory [/home/amsaa/Comp4321-Project/apache-tomcat-9.0.6/webapps/host-manager]
19-Apr-2018 00:45:23.571 INFO [main] org.apache.catalina.startup.HostConfig.deployDirectory Deployment of web application directory [/home/amsaa/Comp4321-Project/apache-tomcat-9.0.6/webapps/host-manager] has finished in [31] ms
19-Apr-2018 00:45:23.571 INFO [main] org.apache.catalina.startup.HostConfig.deployDirectory Deploying web application directory [/home/amsaa/Comp4321-Project/apache-tomcat-9.0.6/webapps/manager]
19-Apr-2018 00:45:23.597 INFO [main] org.apache.catalina.startup.HostConfig.deployDirectory Deployment of web application directory [/home/amsaa/Comp4321-Project/apache-tomcat-9.0.6/webapps/manager] has finished in [25] ms
19-Apr-2018 00:45:23.597 INFO [main] org.apache.catalina.startup.HostConfig.deployDirectory Deploying web application directory [/home/amsaa/Comp4321-Project/apache-tomcat-9.0.6/webapps/ROOT]
19-Apr-2018 00:45:23.770 INFO [main] org.apache.jasper.servlet.TldScanner.scanJars At least one JAR was scanned for TLDs yet contained no TLDs. Enable debug logging for this logger for a complete list of JARs that were scanned but no TLDs were found in them. Skipping unneeded JARs during scanning can improve startup time and JSP compilation time.
19-Apr-2018 00:45:23.795 INFO [main] org.apache.catalina.startup.HostConfig.deployDirectory Deployment of web application directory [/home/amsaa/Comp4321-Project/apache-tomcat-9.0.6/webapps/ROOT] has finished in [198] ms
19-Apr-2018 00:45:23.801 INFO [main] org.apache.coyote.AbstractProtocol.start Starting ProtocolHandler ["http-nio-8080"]
19-Apr-2018 00:45:23.820 INFO [main] org.apache.coyote.AbstractProtocol.start Starting ProtocolHandler ["ajp-nio-8009"]
19-Apr-2018 00:45:23.826 INFO [main] org.apache.catalina.startup.Catalina.start Server startup in 960 ms
19-Apr-2018 00:46:01.385 INFO [main] org.apache.catalina.core.StandardServer.await A valid shutdown command was received via the shutdown port. Stopping the Server instance.
19-Apr-2018 00:46:01.385 INFO [main] org.apache.coyote.AbstractProtocol.pause Pausing ProtocolHandler ["http-nio-8080"]
19-Apr-2018 00:46:01.440 INFO [main] org.apache.coyote.AbstractProtocol.pause Pausing ProtocolHandler ["ajp-nio-8009"]
19-Apr-2018 00:46:01.491 INFO [main] org.apache.catalina.core.StandardService.stopInternal Stopping service [Catalina]
19-Apr-2018 00:46:01.527 INFO [main] org.apache.coyote.AbstractProtocol.stop Stopping ProtocolHandler ["http-nio-8080"]
19-Apr-2018 00:46:01.530 INFO [main] org.apache.coyote.AbstractProtocol.stop Stopping ProtocolHandler ["ajp-nio-8009"]
19-Apr-2018 00:46:01.532 INFO [main] org.apache.coyote.AbstractProtocol.destroy Destroying ProtocolHandler ["http-nio-8080"]
19-Apr-2018 00:46:01.533 INFO [main] org.apache.coyote.AbstractProtocol.destroy Destroying ProtocolHandler ["ajp-nio-8009"]
19-Apr-2018 00:46:03.078 INFO [main] org.apache.catalina.startup.VersionLoggerListener.log Server version:        Apache Tomcat/9.0.6
19-Apr-2018 00:46:03.082 INFO [main] org.apache.catalina.startup.VersionLoggerListener.log Server built:          Mar 5 2018 09:34:35 UTC
19-Apr-2018 00:46:03.082 INFO [main] org.apache.catalina.startup.VersionLoggerListener.log Server number:         9.0.6.0
19-Apr-2018 00:46:03.082 INFO [main] org.apache.catalina.startup.VersionLoggerListener.log OS Name:               Linux
19-Apr-2018 00:46:03.082 INFO [main] org.apache.catalina.startup.VersionLoggerListener.log OS Version:            3.10.0-693.11.6.el7.x86_64
19-Apr-2018 00:46:03.083 INFO [main] org.apache.catalina.startup.VersionLoggerListener.log Architecture:          amd64
19-Apr-2018 00:46:03.083 INFO [main] org.apache.catalina.startup.VersionLoggerListener.log Java Home:             /usr/lib/jvm/java-1.8.0-openjdk-1.8.0.161-0.b14.el7_4.x86_64/jre
19-Apr-2018 00:46:03.083 INFO [main] org.apache.catalina.startup.VersionLoggerListener.log JVM Version:           1.8.0_161-b14
19-Apr-2018 00:46:03.083 INFO [main] org.apache.catalina.startup.VersionLoggerListener.log JVM Vendor:            Oracle Corporation
19-Apr-2018 00:46:03.083 INFO [main] org.apache.catalina.startup.VersionLoggerListener.log CATALINA_BASE:         /home/amsaa/Comp4321-Project/apache-tomcat-9.0.6
19-Apr-2018 00:46:03.084 INFO [main] org.apache.catalina.startup.VersionLoggerListener.log CATALINA_HOME:         /home/amsaa/Comp4321-Project/apache-tomcat-9.0.6
19-Apr-2018 00:46:03.084 INFO [main] org.apache.catalina.startup.VersionLoggerListener.log Command line argument: -Djava.util.logging.config.file=/home/amsaa/Comp4321-Project/apache-tomcat-9.0.6/conf/logging.properties
19-Apr-2018 00:46:03.084 INFO [main] org.apache.catalina.startup.VersionLoggerListener.log Command line argument: -Djava.util.logging.manager=org.apache.juli.ClassLoaderLogManager
19-Apr-2018 00:46:03.084 INFO [main] org.apache.catalina.startup.VersionLoggerListener.log Command line argument: -Djdk.tls.ephemeralDHKeySize=2048
19-Apr-2018 00:46:03.085 INFO [main] org.apache.catalina.startup.VersionLoggerListener.log Command line argument: -Djava.protocol.handler.pkgs=org.apache.catalina.webresources
19-Apr-2018 00:46:03.085 INFO [main] org.apache.catalina.startup.VersionLoggerListener.log Command line argument: -Dignore.endorsed.dirs=
19-Apr-2018 00:46:03.085 INFO [main] org.apache.catalina.startup.VersionLoggerListener.log Command line argument: -Dcatalina.base=/home/amsaa/Comp4321-Project/apache-tomcat-9.0.6
19-Apr-2018 00:46:03.085 INFO [main] org.apache.catalina.startup.VersionLoggerListener.log Command line argument: -Dcatalina.home=/home/amsaa/Comp4321-Project/apache-tomcat-9.0.6
19-Apr-2018 00:46:03.085 INFO [main] org.apache.catalina.startup.VersionLoggerListener.log Command line argument: -Djava.io.tmpdir=/home/amsaa/Comp4321-Project/apache-tomcat-9.0.6/temp
19-Apr-2018 00:46:03.085 INFO [main] org.apache.catalina.core.AprLifecycleListener.lifecycleEvent The APR based Apache Tomcat Native library which allows optimal performance in production environments was not found on the java.library.path: [/usr/java/packages/lib/amd64:/usr/lib64:/lib64:/lib:/usr/lib]
19-Apr-2018 00:46:03.252 INFO [main] org.apache.coyote.AbstractProtocol.init Initializing ProtocolHandler ["http-nio-8080"]
19-Apr-2018 00:46:03.272 INFO [main] org.apache.tomcat.util.net.NioSelectorPool.getSharedSelector Using a shared selector for servlet write/read
19-Apr-2018 00:46:03.282 INFO [main] org.apache.coyote.AbstractProtocol.init Initializing ProtocolHandler ["ajp-nio-8009"]
19-Apr-2018 00:46:03.283 INFO [main] org.apache.tomcat.util.net.NioSelectorPool.getSharedSelector Using a shared selector for servlet write/read
19-Apr-2018 00:46:03.284 INFO [main] org.apache.catalina.startup.Catalina.load Initialization processed in 946 ms
19-Apr-2018 00:46:03.329 INFO [main] org.apache.catalina.core.StandardService.startInternal Starting service [Catalina]
19-Apr-2018 00:46:03.329 INFO [main] org.apache.catalina.core.StandardEngine.startInternal Starting Servlet Engine: Apache Tomcat/9.0.6
19-Apr-2018 00:46:03.345 INFO [main] org.apache.catalina.startup.HostConfig.deployDirectory Deploying web application directory [/home/amsaa/Comp4321-Project/apache-tomcat-9.0.6/webapps/docs]
19-Apr-2018 00:46:03.849 INFO [main] org.apache.catalina.startup.HostConfig.deployDirectory Deployment of web application directory [/home/amsaa/Comp4321-Project/apache-tomcat-9.0.6/webapps/docs] has finished in [503] ms
19-Apr-2018 00:46:03.849 INFO [main] org.apache.catalina.startup.HostConfig.deployDirectory Deploying web application directory [/home/amsaa/Comp4321-Project/apache-tomcat-9.0.6/webapps/examples]
19-Apr-2018 00:46:04.328 INFO [main] org.apache.catalina.startup.HostConfig.deployDirectory Deployment of web application directory [/home/amsaa/Comp4321-Project/apache-tomcat-9.0.6/webapps/examples] has finished in [478] ms
19-Apr-2018 00:46:04.328 INFO [main] org.apache.catalina.startup.HostConfig.deployDirectory Deploying web application directory [/home/amsaa/Comp4321-Project/apache-tomcat-9.0.6/webapps/host-manager]
19-Apr-2018 00:46:04.359 INFO [main] org.apache.catalina.startup.HostConfig.deployDirectory Deployment of web application directory [/home/amsaa/Comp4321-Project/apache-tomcat-9.0.6/webapps/host-manager] has finished in [30] ms
19-Apr-2018 00:46:04.359 INFO [main] org.apache.catalina.startup.HostConfig.deployDirectory Deploying web application directory [/home/amsaa/Comp4321-Project/apache-tomcat-9.0.6/webapps/manager]
19-Apr-2018 00:46:04.383 INFO [main] org.apache.catalina.startup.HostConfig.deployDirectory Deployment of web application directory [/home/amsaa/Comp4321-Project/apache-tomcat-9.0.6/webapps/manager] has finished in [24] ms
19-Apr-2018 00:46:04.383 INFO [main] org.apache.catalina.startup.HostConfig.deployDirectory Deploying web application directory [/home/amsaa/Comp4321-Project/apache-tomcat-9.0.6/webapps/ROOT]
19-Apr-2018 00:46:04.499 INFO [main] org.apache.jasper.servlet.TldScanner.scanJars At least one JAR was scanned for TLDs yet contained no TLDs. Enable debug logging for this logger for a complete list of JARs that were scanned but no TLDs were found in them. Skipping unneeded JARs during scanning can improve startup time and JSP compilation time.
19-Apr-2018 00:46:04.523 INFO [main] org.apache.catalina.startup.HostConfig.deployDirectory Deployment of web application directory [/home/amsaa/Comp4321-Project/apache-tomcat-9.0.6/webapps/ROOT] has finished in [140] ms
19-Apr-2018 00:46:04.529 INFO [main] org.apache.coyote.AbstractProtocol.start Starting ProtocolHandler ["http-nio-8080"]
19-Apr-2018 00:46:04.540 INFO [main] org.apache.coyote.AbstractProtocol.start Starting ProtocolHandler ["ajp-nio-8009"]
19-Apr-2018 00:46:04.544 INFO [main] org.apache.catalina.startup.Catalina.start Server startup in 1259 ms
19-Apr-2018 00:52:19.867 INFO [main] org.apache.catalina.core.StandardServer.await A valid shutdown command was received via the shutdown port. Stopping the Server instance.
19-Apr-2018 00:52:19.868 INFO [main] org.apache.coyote.AbstractProtocol.pause Pausing ProtocolHandler ["http-nio-8080"]
19-Apr-2018 00:52:19.923 INFO [main] org.apache.coyote.AbstractProtocol.pause Pausing ProtocolHandler ["ajp-nio-8009"]
19-Apr-2018 00:52:19.974 INFO [main] org.apache.catalina.core.StandardService.stopInternal Stopping service [Catalina]
19-Apr-2018 00:52:20.009 INFO [main] org.apache.coyote.AbstractProtocol.stop Stopping ProtocolHandler ["http-nio-8080"]
19-Apr-2018 00:52:20.013 INFO [main] org.apache.coyote.AbstractProtocol.stop Stopping ProtocolHandler ["ajp-nio-8009"]
19-Apr-2018 00:52:20.016 INFO [main] org.apache.coyote.AbstractProtocol.destroy Destroying ProtocolHandler ["http-nio-8080"]
19-Apr-2018 00:52:20.017 INFO [main] org.apache.coyote.AbstractProtocol.destroy Destroying ProtocolHandler ["ajp-nio-8009"]
19-Apr-2018 12:07:42.351 INFO [main] org.apache.catalina.startup.VersionLoggerListener.log Server version:        Apache Tomcat/9.0.6
19-Apr-2018 12:07:42.354 INFO [main] org.apache.catalina.startup.VersionLoggerListener.log Server built:          Mar 5 2018 09:34:35 UTC
19-Apr-2018 12:07:42.354 INFO [main] org.apache.catalina.startup.VersionLoggerListener.log Server number:         9.0.6.0
19-Apr-2018 12:07:42.355 INFO [main] org.apache.catalina.startup.VersionLoggerListener.log OS Name:               Linux
19-Apr-2018 12:07:42.355 INFO [main] org.apache.catalina.startup.VersionLoggerListener.log OS Version:            3.10.0-693.11.6.el7.x86_64
19-Apr-2018 12:07:42.355 INFO [main] org.apache.catalina.startup.VersionLoggerListener.log Architecture:          amd64
19-Apr-2018 12:07:42.355 INFO [main] org.apache.catalina.startup.VersionLoggerListener.log Java Home:             /usr/lib/jvm/java-1.8.0-openjdk-1.8.0.161-0.b14.el7_4.x86_64/jre
19-Apr-2018 12:07:42.355 INFO [main] org.apache.catalina.startup.VersionLoggerListener.log JVM Version:           1.8.0_161-b14
19-Apr-2018 12:07:42.356 INFO [main] org.apache.catalina.startup.VersionLoggerListener.log JVM Vendor:            Oracle Corporation
19-Apr-2018 12:07:42.356 INFO [main] org.apache.catalina.startup.VersionLoggerListener.log CATALINA_BASE:         /home/amsaa/Comp4321-Project/apache-tomcat-9.0.6
19-Apr-2018 12:07:42.356 INFO [main] org.apache.catalina.startup.VersionLoggerListener.log CATALINA_HOME:         /home/amsaa/Comp4321-Project/apache-tomcat-9.0.6
19-Apr-2018 12:07:42.356 INFO [main] org.apache.catalina.startup.VersionLoggerListener.log Command line argument: -Djava.util.logging.config.file=/home/amsaa/Comp4321-Project/apache-tomcat-9.0.6/conf/logging.properties
19-Apr-2018 12:07:42.357 INFO [main] org.apache.catalina.startup.VersionLoggerListener.log Command line argument: -Djava.util.logging.manager=org.apache.juli.ClassLoaderLogManager
19-Apr-2018 12:07:42.357 INFO [main] org.apache.catalina.startup.VersionLoggerListener.log Command line argument: -Djdk.tls.ephemeralDHKeySize=2048
19-Apr-2018 12:07:42.357 INFO [main] org.apache.catalina.startup.VersionLoggerListener.log Command line argument: -Djava.protocol.handler.pkgs=org.apache.catalina.webresources
19-Apr-2018 12:07:42.357 INFO [main] org.apache.catalina.startup.VersionLoggerListener.log Command line argument: -Dignore.endorsed.dirs=
19-Apr-2018 12:07:42.357 INFO [main] org.apache.catalina.startup.VersionLoggerListener.log Command line argument: -Dcatalina.base=/home/amsaa/Comp4321-Project/apache-tomcat-9.0.6
19-Apr-2018 12:07:42.357 INFO [main] org.apache.catalina.startup.VersionLoggerListener.log Command line argument: -Dcatalina.home=/home/amsaa/Comp4321-Project/apache-tomcat-9.0.6
19-Apr-2018 12:07:42.358 INFO [main] org.apache.catalina.startup.VersionLoggerListener.log Command line argument: -Djava.io.tmpdir=/home/amsaa/Comp4321-Project/apache-tomcat-9.0.6/temp
19-Apr-2018 12:07:42.358 INFO [main] org.apache.catalina.core.AprLifecycleListener.lifecycleEvent The APR based Apache Tomcat Native library which allows optimal performance in production environments was not found on the java.library.path: [/usr/java/packages/lib/amd64:/usr/lib64:/lib64:/lib:/usr/lib]
19-Apr-2018 12:07:42.479 INFO [main] org.apache.coyote.AbstractProtocol.init Initializing ProtocolHandler ["http-nio-8080"]
19-Apr-2018 12:07:42.500 INFO [main] org.apache.tomcat.util.net.NioSelectorPool.getSharedSelector Using a shared selector for servlet write/read
19-Apr-2018 12:07:42.506 INFO [main] org.apache.coyote.AbstractProtocol.init Initializing ProtocolHandler ["ajp-nio-8009"]
19-Apr-2018 12:07:42.507 INFO [main] org.apache.tomcat.util.net.NioSelectorPool.getSharedSelector Using a shared selector for servlet write/read
19-Apr-2018 12:07:42.508 INFO [main] org.apache.catalina.startup.Catalina.load Initialization processed in 861 ms
19-Apr-2018 12:07:42.528 INFO [main] org.apache.catalina.core.StandardService.startInternal Starting service [Catalina]
19-Apr-2018 12:07:42.528 INFO [main] org.apache.catalina.core.StandardEngine.startInternal Starting Servlet Engine: Apache Tomcat/9.0.6
19-Apr-2018 12:07:42.535 INFO [main] org.apache.catalina.startup.HostConfig.deployDirectory Deploying web application directory [/home/amsaa/Comp4321-Project/apache-tomcat-9.0.6/webapps/docs]
19-Apr-2018 12:07:42.840 INFO [main] org.apache.catalina.startup.HostConfig.deployDirectory Deployment of web application directory [/home/amsaa/Comp4321-Project/apache-tomcat-9.0.6/webapps/docs] has finished in [305] ms
19-Apr-2018 12:07:42.841 INFO [main] org.apache.catalina.startup.HostConfig.deployDirectory Deploying web application directory [/home/amsaa/Comp4321-Project/apache-tomcat-9.0.6/webapps/examples]
19-Apr-2018 12:07:43.157 INFO [main] org.apache.catalina.startup.HostConfig.deployDirectory Deployment of web application directory [/home/amsaa/Comp4321-Project/apache-tomcat-9.0.6/webapps/examples] has finished in [316] ms
19-Apr-2018 12:07:43.157 INFO [main] org.apache.catalina.startup.HostConfig.deployDirectory Deploying web application directory [/home/amsaa/Comp4321-Project/apache-tomcat-9.0.6/webapps/host-manager]
19-Apr-2018 12:07:43.178 INFO [main] org.apache.catalina.startup.HostConfig.deployDirectory Deployment of web application directory [/home/amsaa/Comp4321-Project/apache-tomcat-9.0.6/webapps/host-manager] has finished in [21] ms
19-Apr-2018 12:07:43.179 INFO [main] org.apache.catalina.startup.HostConfig.deployDirectory Deploying web application directory [/home/amsaa/Comp4321-Project/apache-tomcat-9.0.6/webapps/manager]
19-Apr-2018 12:07:43.196 INFO [main] org.apache.catalina.startup.HostConfig.deployDirectory Deployment of web application directory [/home/amsaa/Comp4321-Project/apache-tomcat-9.0.6/webapps/manager] has finished in [17] ms
19-Apr-2018 12:07:43.196 INFO [main] org.apache.catalina.startup.HostConfig.deployDirectory Deploying web application directory [/home/amsaa/Comp4321-Project/apache-tomcat-9.0.6/webapps/ROOT]
19-Apr-2018 12:07:43.272 INFO [main] org.apache.jasper.servlet.TldScanner.scanJars At least one JAR was scanned for TLDs yet contained no TLDs. Enable debug logging for this logger for a complete list of JARs that were scanned but no TLDs were found in them. Skipping unneeded JARs during scanning can improve startup time and JSP compilation time.
19-Apr-2018 12:07:43.284 INFO [main] org.apache.catalina.startup.HostConfig.deployDirectory Deployment of web application directory [/home/amsaa/Comp4321-Project/apache-tomcat-9.0.6/webapps/ROOT] has finished in [88] ms
19-Apr-2018 12:07:43.286 INFO [main] org.apache.coyote.AbstractProtocol.start Starting ProtocolHandler ["http-nio-8080"]
19-Apr-2018 12:07:43.300 INFO [main] org.apache.coyote.AbstractProtocol.start Starting ProtocolHandler ["ajp-nio-8009"]
19-Apr-2018 12:07:43.304 INFO [main] org.apache.catalina.startup.Catalina.start Server startup in 796 ms
19-Apr-2018 12:08:56.369 INFO [main] org.apache.catalina.core.StandardServer.await A valid shutdown command was received via the shutdown port. Stopping the Server instance.
19-Apr-2018 12:08:56.370 INFO [main] org.apache.coyote.AbstractProtocol.pause Pausing ProtocolHandler ["http-nio-8080"]
19-Apr-2018 12:08:56.425 INFO [main] org.apache.coyote.AbstractProtocol.pause Pausing ProtocolHandler ["ajp-nio-8009"]
19-Apr-2018 12:08:56.476 INFO [main] org.apache.catalina.core.StandardService.stopInternal Stopping service [Catalina]
19-Apr-2018 12:08:56.522 INFO [main] org.apache.coyote.AbstractProtocol.stop Stopping ProtocolHandler ["http-nio-8080"]
19-Apr-2018 12:08:56.531 INFO [main] org.apache.coyote.AbstractProtocol.stop Stopping ProtocolHandler ["ajp-nio-8009"]
19-Apr-2018 12:08:56.534 INFO [main] org.apache.coyote.AbstractProtocol.destroy Destroying ProtocolHandler ["http-nio-8080"]
19-Apr-2018 12:08:56.536 INFO [main] org.apache.coyote.AbstractProtocol.destroy Destroying ProtocolHandler ["ajp-nio-8009"]
