24-Apr-2018 13:09:37.104 INFO [main] org.apache.catalina.core.ApplicationContext.log ContextListener: contextInitialized()
24-Apr-2018 13:09:37.105 INFO [main] org.apache.catalina.core.ApplicationContext.log SessionListener: contextInitialized()
24-Apr-2018 13:09:37.106 INFO [main] org.apache.catalina.core.ApplicationContext.log ContextListener: attributeAdded('StockTicker', 'async.Stockticker@6771beb3')
24-Apr-2018 13:09:46.570 SEVERE [http-nio-8080-exec-3] org.apache.catalina.core.StandardWrapperValve.invoke Servlet.service() for servlet [jsp] in context with path [] threw exception [Unable to compile class for JSP: 

An error occurred at line: [32] in the jsp file: [/USAFreshMilkSearch.jsp]
Syntax error, insert ";" to complete Statement
29: 	pageIDList = dm.querySimilarity(stemA);
30: 	
31: 	//TO TEST
32: 	out.print("These are the stemmed words from user input: <br>")
33: 	for(int k = 0; i < a.length; k++){
34: 		out.print(stemA[k] + "<br>");
35: 	}


An error occurred at line: [33] in the jsp file: [/USAFreshMilkSearch.jsp]
i cannot be resolved to a variable
30: 	
31: 	//TO TEST
32: 	out.print("These are the stemmed words from user input: <br>")
33: 	for(int k = 0; i < a.length; k++){
34: 		out.print(stemA[k] + "<br>");
35: 	}
36: 


Stacktrace:] with root cause
 org.apache.jasper.JasperException: Unable to compile class for JSP: 

An error occurred at line: [32] in the jsp file: [/USAFreshMilkSearch.jsp]
Syntax error, insert ";" to complete Statement
29: 	pageIDList = dm.querySimilarity(stemA);
30: 	
31: 	//TO TEST
32: 	out.print("These are the stemmed words from user input: <br>")
33: 	for(int k = 0; i < a.length; k++){
34: 		out.print(stemA[k] + "<br>");
35: 	}


An error occurred at line: [33] in the jsp file: [/USAFreshMilkSearch.jsp]
i cannot be resolved to a variable
30: 	
31: 	//TO TEST
32: 	out.print("These are the stemmed words from user input: <br>")
33: 	for(int k = 0; i < a.length; k++){
34: 		out.print(stemA[k] + "<br>");
35: 	}
36: 


Stacktrace:
	at org.apache.jasper.compiler.DefaultErrorHandler.javacError(DefaultErrorHandler.java:103)
	at org.apache.jasper.compiler.ErrorDispatcher.javacError(ErrorDispatcher.java:213)
	at org.apache.jasper.compiler.JDTCompiler.generateClass(JDTCompiler.java:461)
	at org.apache.jasper.compiler.Compiler.compile(Compiler.java:392)
	at org.apache.jasper.compiler.Compiler.compile(Compiler.java:362)
	at org.apache.jasper.compiler.Compiler.compile(Compiler.java:346)
	at org.apache.jasper.JspCompilationContext.compile(JspCompilationContext.java:603)
	at org.apache.jasper.servlet.JspServletWrapper.service(JspServletWrapper.java:369)
	at org.apache.jasper.servlet.JspServlet.serviceJspFile(JspServlet.java:386)
	at org.apache.jasper.servlet.JspServlet.service(JspServlet.java:330)
	at javax.servlet.http.HttpServlet.service(HttpServlet.java:741)
	at org.apache.catalina.core.ApplicationFilterChain.internalDoFilter(ApplicationFilterChain.java:231)
	at org.apache.catalina.core.ApplicationFilterChain.doFilter(ApplicationFilterChain.java:166)
	at org.apache.tomcat.websocket.server.WsFilter.doFilter(WsFilter.java:53)
	at org.apache.catalina.core.ApplicationFilterChain.internalDoFilter(ApplicationFilterChain.java:193)
	at org.apache.catalina.core.ApplicationFilterChain.doFilter(ApplicationFilterChain.java:166)
	at org.apache.catalina.core.StandardWrapperValve.invoke(StandardWrapperValve.java:199)
	at org.apache.catalina.core.StandardContextValve.invoke(StandardContextValve.java:96)
	at org.apache.catalina.authenticator.AuthenticatorBase.invoke(AuthenticatorBase.java:494)
	at org.apache.catalina.core.StandardHostValve.invoke(StandardHostValve.java:137)
	at org.apache.catalina.valves.ErrorReportValve.invoke(ErrorReportValve.java:92)
	at org.apache.catalina.valves.AbstractAccessLogValve.invoke(AbstractAccessLogValve.java:651)
	at org.apache.catalina.core.StandardEngineValve.invoke(StandardEngineValve.java:87)
	at org.apache.catalina.connector.CoyoteAdapter.service(CoyoteAdapter.java:343)
	at org.apache.coyote.http11.Http11Processor.service(Http11Processor.java:407)
	at org.apache.coyote.AbstractProcessorLight.process(AbstractProcessorLight.java:66)
	at org.apache.coyote.AbstractProtocol$ConnectionHandler.process(AbstractProtocol.java:754)
	at org.apache.tomcat.util.net.NioEndpoint$SocketProcessor.doRun(NioEndpoint.java:1376)
	at org.apache.tomcat.util.net.SocketProcessorBase.run(SocketProcessorBase.java:49)
	at java.util.concurrent.ThreadPoolExecutor.runWorker(ThreadPoolExecutor.java:1149)
	at java.util.concurrent.ThreadPoolExecutor$Worker.run(ThreadPoolExecutor.java:624)
	at org.apache.tomcat.util.threads.TaskThread$WrappingRunnable.run(TaskThread.java:61)
	at java.lang.Thread.run(Thread.java:748)

24-Apr-2018 13:10:32.560 INFO [main] org.apache.catalina.core.ApplicationContext.log SessionListener: contextDestroyed()
24-Apr-2018 13:10:32.561 INFO [main] org.apache.catalina.core.ApplicationContext.log ContextListener: contextDestroyed()
24-Apr-2018 13:10:35.363 INFO [main] org.apache.catalina.core.ApplicationContext.log ContextListener: contextInitialized()
24-Apr-2018 13:10:35.363 INFO [main] org.apache.catalina.core.ApplicationContext.log SessionListener: contextInitialized()
24-Apr-2018 13:10:35.364 INFO [main] org.apache.catalina.core.ApplicationContext.log ContextListener: attributeAdded('StockTicker', 'async.Stockticker@6771beb3')
24-Apr-2018 13:10:42.628 SEVERE [http-nio-8080-exec-1] org.apache.catalina.core.StandardWrapperValve.invoke Servlet.service() for servlet [jsp] in context with path [] threw exception [Unable to compile class for JSP: 

An error occurred at line: [32] in the jsp file: [/USAFreshMilkSearch.jsp]
Syntax error, insert ";" to complete Statement
29: 	pageIDList = dm.querySimilarity(stemA);
30: 	
31: 	//TO TEST
32: 	out.print("These are the stemmed words from user input: <br>")
33: 	for(int k = 0; k < a.length; k++){
34: 		out.print(stemA[k] + "<br>");
35: 	}


Stacktrace:] with root cause
 org.apache.jasper.JasperException: Unable to compile class for JSP: 

An error occurred at line: [32] in the jsp file: [/USAFreshMilkSearch.jsp]
Syntax error, insert ";" to complete Statement
29: 	pageIDList = dm.querySimilarity(stemA);
30: 	
31: 	//TO TEST
32: 	out.print("These are the stemmed words from user input: <br>")
33: 	for(int k = 0; k < a.length; k++){
34: 		out.print(stemA[k] + "<br>");
35: 	}


Stacktrace:
	at org.apache.jasper.compiler.DefaultErrorHandler.javacError(DefaultErrorHandler.java:103)
	at org.apache.jasper.compiler.ErrorDispatcher.javacError(ErrorDispatcher.java:213)
	at org.apache.jasper.compiler.JDTCompiler.generateClass(JDTCompiler.java:461)
	at org.apache.jasper.compiler.Compiler.compile(Compiler.java:392)
	at org.apache.jasper.compiler.Compiler.compile(Compiler.java:362)
	at org.apache.jasper.compiler.Compiler.compile(Compiler.java:346)
	at org.apache.jasper.JspCompilationContext.compile(JspCompilationContext.java:603)
	at org.apache.jasper.servlet.JspServletWrapper.service(JspServletWrapper.java:369)
	at org.apache.jasper.servlet.JspServlet.serviceJspFile(JspServlet.java:386)
	at org.apache.jasper.servlet.JspServlet.service(JspServlet.java:330)
	at javax.servlet.http.HttpServlet.service(HttpServlet.java:741)
	at org.apache.catalina.core.ApplicationFilterChain.internalDoFilter(ApplicationFilterChain.java:231)
	at org.apache.catalina.core.ApplicationFilterChain.doFilter(ApplicationFilterChain.java:166)
	at org.apache.tomcat.websocket.server.WsFilter.doFilter(WsFilter.java:53)
	at org.apache.catalina.core.ApplicationFilterChain.internalDoFilter(ApplicationFilterChain.java:193)
	at org.apache.catalina.core.ApplicationFilterChain.doFilter(ApplicationFilterChain.java:166)
	at org.apache.catalina.core.StandardWrapperValve.invoke(StandardWrapperValve.java:199)
	at org.apache.catalina.core.StandardContextValve.invoke(StandardContextValve.java:96)
	at org.apache.catalina.authenticator.AuthenticatorBase.invoke(AuthenticatorBase.java:494)
	at org.apache.catalina.core.StandardHostValve.invoke(StandardHostValve.java:137)
	at org.apache.catalina.valves.ErrorReportValve.invoke(ErrorReportValve.java:92)
	at org.apache.catalina.valves.AbstractAccessLogValve.invoke(AbstractAccessLogValve.java:651)
	at org.apache.catalina.core.StandardEngineValve.invoke(StandardEngineValve.java:87)
	at org.apache.catalina.connector.CoyoteAdapter.service(CoyoteAdapter.java:343)
	at org.apache.coyote.http11.Http11Processor.service(Http11Processor.java:407)
	at org.apache.coyote.AbstractProcessorLight.process(AbstractProcessorLight.java:66)
	at org.apache.coyote.AbstractProtocol$ConnectionHandler.process(AbstractProtocol.java:754)
	at org.apache.tomcat.util.net.NioEndpoint$SocketProcessor.doRun(NioEndpoint.java:1376)
	at org.apache.tomcat.util.net.SocketProcessorBase.run(SocketProcessorBase.java:49)
	at java.util.concurrent.ThreadPoolExecutor.runWorker(ThreadPoolExecutor.java:1149)
	at java.util.concurrent.ThreadPoolExecutor$Worker.run(ThreadPoolExecutor.java:624)
	at org.apache.tomcat.util.threads.TaskThread$WrappingRunnable.run(TaskThread.java:61)
	at java.lang.Thread.run(Thread.java:748)

24-Apr-2018 13:11:01.300 INFO [main] org.apache.catalina.core.ApplicationContext.log SessionListener: contextDestroyed()
24-Apr-2018 13:11:01.300 INFO [main] org.apache.catalina.core.ApplicationContext.log ContextListener: contextDestroyed()
24-Apr-2018 13:11:03.980 INFO [main] org.apache.catalina.core.ApplicationContext.log ContextListener: contextInitialized()
24-Apr-2018 13:11:03.981 INFO [main] org.apache.catalina.core.ApplicationContext.log SessionListener: contextInitialized()
24-Apr-2018 13:11:03.983 INFO [main] org.apache.catalina.core.ApplicationContext.log ContextListener: attributeAdded('StockTicker', 'async.Stockticker@6771beb3')
24-Apr-2018 13:11:09.722 SEVERE [http-nio-8080-exec-1] org.apache.catalina.core.StandardWrapperValve.invoke Servlet.service() for servlet [jsp] in context with path [] threw exception [An exception occurred processing [/USAFreshMilkSearch.jsp] at line [23]

20: 	StopStem stem = new StopStem();
21: 	String[] stemA = new String[a.length]; 
22: 	for(int i = 0; i < a.length; i++){
23: 		stemA[i] = stem.mainStem(a[i]);
24: 	}
25: 
26: 	Vector<Integer> pageIDList = new Vector<Integer>();


Stacktrace:] with root cause
 java.lang.NullPointerException
	at searchEngine.StopStem.isStopWord(StopStem.java:17)
	at searchEngine.StopStem.mainStem(StopStem.java:32)
	at org.apache.jsp.USAFreshMilkSearch_jsp._jspService(USAFreshMilkSearch_jsp.java:144)
	at org.apache.jasper.runtime.HttpJspBase.service(HttpJspBase.java:70)
	at javax.servlet.http.HttpServlet.service(HttpServlet.java:741)
	at org.apache.jasper.servlet.JspServletWrapper.service(JspServletWrapper.java:444)
	at org.apache.jasper.servlet.JspServlet.serviceJspFile(JspServlet.java:386)
	at org.apache.jasper.servlet.JspServlet.service(JspServlet.java:330)
	at javax.servlet.http.HttpServlet.service(HttpServlet.java:741)
	at org.apache.catalina.core.ApplicationFilterChain.internalDoFilter(ApplicationFilterChain.java:231)
	at org.apache.catalina.core.ApplicationFilterChain.doFilter(ApplicationFilterChain.java:166)
	at org.apache.tomcat.websocket.server.WsFilter.doFilter(WsFilter.java:53)
	at org.apache.catalina.core.ApplicationFilterChain.internalDoFilter(ApplicationFilterChain.java:193)
	at org.apache.catalina.core.ApplicationFilterChain.doFilter(ApplicationFilterChain.java:166)
	at org.apache.catalina.core.StandardWrapperValve.invoke(StandardWrapperValve.java:199)
	at org.apache.catalina.core.StandardContextValve.invoke(StandardContextValve.java:96)
	at org.apache.catalina.authenticator.AuthenticatorBase.invoke(AuthenticatorBase.java:494)
	at org.apache.catalina.core.StandardHostValve.invoke(StandardHostValve.java:137)
	at org.apache.catalina.valves.ErrorReportValve.invoke(ErrorReportValve.java:92)
	at org.apache.catalina.valves.AbstractAccessLogValve.invoke(AbstractAccessLogValve.java:651)
	at org.apache.catalina.core.StandardEngineValve.invoke(StandardEngineValve.java:87)
	at org.apache.catalina.connector.CoyoteAdapter.service(CoyoteAdapter.java:343)
	at org.apache.coyote.http11.Http11Processor.service(Http11Processor.java:407)
	at org.apache.coyote.AbstractProcessorLight.process(AbstractProcessorLight.java:66)
	at org.apache.coyote.AbstractProtocol$ConnectionHandler.process(AbstractProtocol.java:754)
	at org.apache.tomcat.util.net.NioEndpoint$SocketProcessor.doRun(NioEndpoint.java:1376)
	at org.apache.tomcat.util.net.SocketProcessorBase.run(SocketProcessorBase.java:49)
	at java.util.concurrent.ThreadPoolExecutor.runWorker(ThreadPoolExecutor.java:1149)
	at java.util.concurrent.ThreadPoolExecutor$Worker.run(ThreadPoolExecutor.java:624)
	at org.apache.tomcat.util.threads.TaskThread$WrappingRunnable.run(TaskThread.java:61)
	at java.lang.Thread.run(Thread.java:748)

24-Apr-2018 13:12:31.092 INFO [main] org.apache.catalina.core.ApplicationContext.log SessionListener: contextDestroyed()
24-Apr-2018 13:12:31.092 INFO [main] org.apache.catalina.core.ApplicationContext.log ContextListener: contextDestroyed()
24-Apr-2018 16:39:49.520 INFO [main] org.apache.catalina.core.ApplicationContext.log ContextListener: contextInitialized()
24-Apr-2018 16:39:49.520 INFO [main] org.apache.catalina.core.ApplicationContext.log SessionListener: contextInitialized()
24-Apr-2018 16:39:49.522 INFO [main] org.apache.catalina.core.ApplicationContext.log ContextListener: attributeAdded('StockTicker', 'async.Stockticker@6771beb3')
24-Apr-2018 16:39:50.520 SEVERE [http-nio-8080-exec-1] org.apache.catalina.core.StandardWrapperValve.invoke Servlet.service() for servlet [jsp] in context with path [] threw exception [An exception occurred processing [/USAFreshMilkSearch.jsp] at line [23]

20: 	StopStem stem = new StopStem();
21: 	//String[] stemA = new String[a.length]; 
22: 	for(int i = 0; i < a.length; i++){
23: 		a[i] = stem.mainStem(a[i]);
24: 	}
25: 	String[] stemA = a;
26: 	Vector<Integer> pageIDList = new Vector<Integer>();


Stacktrace:] with root cause
 java.lang.NullPointerException
	at searchEngine.StopStem.isStopWord(StopStem.java:17)
	at searchEngine.StopStem.mainStem(StopStem.java:32)
	at org.apache.jsp.USAFreshMilkSearch_jsp._jspService(USAFreshMilkSearch_jsp.java:144)
	at org.apache.jasper.runtime.HttpJspBase.service(HttpJspBase.java:70)
	at javax.servlet.http.HttpServlet.service(HttpServlet.java:741)
	at org.apache.jasper.servlet.JspServletWrapper.service(JspServletWrapper.java:444)
	at org.apache.jasper.servlet.JspServlet.serviceJspFile(JspServlet.java:386)
	at org.apache.jasper.servlet.JspServlet.service(JspServlet.java:330)
	at javax.servlet.http.HttpServlet.service(HttpServlet.java:741)
	at org.apache.catalina.core.ApplicationFilterChain.internalDoFilter(ApplicationFilterChain.java:231)
	at org.apache.catalina.core.ApplicationFilterChain.doFilter(ApplicationFilterChain.java:166)
	at org.apache.tomcat.websocket.server.WsFilter.doFilter(WsFilter.java:53)
	at org.apache.catalina.core.ApplicationFilterChain.internalDoFilter(ApplicationFilterChain.java:193)
	at org.apache.catalina.core.ApplicationFilterChain.doFilter(ApplicationFilterChain.java:166)
	at org.apache.catalina.core.StandardWrapperValve.invoke(StandardWrapperValve.java:199)
	at org.apache.catalina.core.StandardContextValve.invoke(StandardContextValve.java:96)
	at org.apache.catalina.authenticator.AuthenticatorBase.invoke(AuthenticatorBase.java:494)
	at org.apache.catalina.core.StandardHostValve.invoke(StandardHostValve.java:137)
	at org.apache.catalina.valves.ErrorReportValve.invoke(ErrorReportValve.java:92)
	at org.apache.catalina.valves.AbstractAccessLogValve.invoke(AbstractAccessLogValve.java:651)
	at org.apache.catalina.core.StandardEngineValve.invoke(StandardEngineValve.java:87)
	at org.apache.catalina.connector.CoyoteAdapter.service(CoyoteAdapter.java:343)
	at org.apache.coyote.http11.Http11Processor.service(Http11Processor.java:407)
	at org.apache.coyote.AbstractProcessorLight.process(AbstractProcessorLight.java:66)
	at org.apache.coyote.AbstractProtocol$ConnectionHandler.process(AbstractProtocol.java:754)
	at org.apache.tomcat.util.net.NioEndpoint$SocketProcessor.doRun(NioEndpoint.java:1376)
	at org.apache.tomcat.util.net.SocketProcessorBase.run(SocketProcessorBase.java:49)
	at java.util.concurrent.ThreadPoolExecutor.runWorker(ThreadPoolExecutor.java:1149)
	at java.util.concurrent.ThreadPoolExecutor$Worker.run(ThreadPoolExecutor.java:624)
	at org.apache.tomcat.util.threads.TaskThread$WrappingRunnable.run(TaskThread.java:61)
	at java.lang.Thread.run(Thread.java:748)

24-Apr-2018 16:40:10.363 INFO [main] org.apache.catalina.core.ApplicationContext.log SessionListener: contextDestroyed()
24-Apr-2018 16:40:10.363 INFO [main] org.apache.catalina.core.ApplicationContext.log ContextListener: contextDestroyed()
24-Apr-2018 16:41:44.502 INFO [main] org.apache.catalina.core.ApplicationContext.log ContextListener: contextInitialized()
24-Apr-2018 16:41:44.502 INFO [main] org.apache.catalina.core.ApplicationContext.log SessionListener: contextInitialized()
24-Apr-2018 16:41:44.504 INFO [main] org.apache.catalina.core.ApplicationContext.log ContextListener: attributeAdded('StockTicker', 'async.Stockticker@6771beb3')
24-Apr-2018 16:41:45.574 SEVERE [http-nio-8080-exec-1] org.apache.catalina.core.StandardWrapperValve.invoke Servlet.service() for servlet [jsp] in context with path [] threw exception [Unable to compile class for JSP: 

An error occurred at line: [29] in the jsp file: [/USAFreshMilkSearch.jsp]
stemA cannot be resolved to a variable
26: 	//TO TEST
27: 	out.print("These are the stemmed words from user input: <br>");
28: 	for(int k = 0; k < a.length; k++){
29: 		out.print(stemA[k] + "<br>");
30: 	}
31: 
32: 


Stacktrace:] with root cause
 org.apache.jasper.JasperException: Unable to compile class for JSP: 

An error occurred at line: [29] in the jsp file: [/USAFreshMilkSearch.jsp]
stemA cannot be resolved to a variable
26: 	//TO TEST
27: 	out.print("These are the stemmed words from user input: <br>");
28: 	for(int k = 0; k < a.length; k++){
29: 		out.print(stemA[k] + "<br>");
30: 	}
31: 
32: 


Stacktrace:
	at org.apache.jasper.compiler.DefaultErrorHandler.javacError(DefaultErrorHandler.java:103)
	at org.apache.jasper.compiler.ErrorDispatcher.javacError(ErrorDispatcher.java:213)
	at org.apache.jasper.compiler.JDTCompiler.generateClass(JDTCompiler.java:461)
	at org.apache.jasper.compiler.Compiler.compile(Compiler.java:392)
	at org.apache.jasper.compiler.Compiler.compile(Compiler.java:362)
	at org.apache.jasper.compiler.Compiler.compile(Compiler.java:346)
	at org.apache.jasper.JspCompilationContext.compile(JspCompilationContext.java:603)
	at org.apache.jasper.servlet.JspServletWrapper.service(JspServletWrapper.java:369)
	at org.apache.jasper.servlet.JspServlet.serviceJspFile(JspServlet.java:386)
	at org.apache.jasper.servlet.JspServlet.service(JspServlet.java:330)
	at javax.servlet.http.HttpServlet.service(HttpServlet.java:741)
	at org.apache.catalina.core.ApplicationFilterChain.internalDoFilter(ApplicationFilterChain.java:231)
	at org.apache.catalina.core.ApplicationFilterChain.doFilter(ApplicationFilterChain.java:166)
	at org.apache.tomcat.websocket.server.WsFilter.doFilter(WsFilter.java:53)
	at org.apache.catalina.core.ApplicationFilterChain.internalDoFilter(ApplicationFilterChain.java:193)
	at org.apache.catalina.core.ApplicationFilterChain.doFilter(ApplicationFilterChain.java:166)
	at org.apache.catalina.core.StandardWrapperValve.invoke(StandardWrapperValve.java:199)
	at org.apache.catalina.core.StandardContextValve.invoke(StandardContextValve.java:96)
	at org.apache.catalina.authenticator.AuthenticatorBase.invoke(AuthenticatorBase.java:494)
	at org.apache.catalina.core.StandardHostValve.invoke(StandardHostValve.java:137)
	at org.apache.catalina.valves.ErrorReportValve.invoke(ErrorReportValve.java:92)
	at org.apache.catalina.valves.AbstractAccessLogValve.invoke(AbstractAccessLogValve.java:651)
	at org.apache.catalina.core.StandardEngineValve.invoke(StandardEngineValve.java:87)
	at org.apache.catalina.connector.CoyoteAdapter.service(CoyoteAdapter.java:343)
	at org.apache.coyote.http11.Http11Processor.service(Http11Processor.java:407)
	at org.apache.coyote.AbstractProcessorLight.process(AbstractProcessorLight.java:66)
	at org.apache.coyote.AbstractProtocol$ConnectionHandler.process(AbstractProtocol.java:754)
	at org.apache.tomcat.util.net.NioEndpoint$SocketProcessor.doRun(NioEndpoint.java:1376)
	at org.apache.tomcat.util.net.SocketProcessorBase.run(SocketProcessorBase.java:49)
	at java.util.concurrent.ThreadPoolExecutor.runWorker(ThreadPoolExecutor.java:1149)
	at java.util.concurrent.ThreadPoolExecutor$Worker.run(ThreadPoolExecutor.java:624)
	at org.apache.tomcat.util.threads.TaskThread$WrappingRunnable.run(TaskThread.java:61)
	at java.lang.Thread.run(Thread.java:748)

24-Apr-2018 16:42:15.481 INFO [main] org.apache.catalina.core.ApplicationContext.log SessionListener: contextDestroyed()
24-Apr-2018 16:42:15.481 INFO [main] org.apache.catalina.core.ApplicationContext.log ContextListener: contextDestroyed()
24-Apr-2018 16:43:14.721 INFO [main] org.apache.catalina.core.ApplicationContext.log ContextListener: contextInitialized()
24-Apr-2018 16:43:14.722 INFO [main] org.apache.catalina.core.ApplicationContext.log SessionListener: contextInitialized()
24-Apr-2018 16:43:14.723 INFO [main] org.apache.catalina.core.ApplicationContext.log ContextListener: attributeAdded('StockTicker', 'async.Stockticker@6771beb3')
24-Apr-2018 16:43:15.548 SEVERE [http-nio-8080-exec-1] org.apache.catalina.core.StandardWrapperValve.invoke Servlet.service() for servlet [jsp] in context with path [] threw exception [An exception occurred processing [/USAFreshMilkSearch.jsp] at line [23]

20: 	StopStem stem = new StopStem();
21: 	//String[] stemA = new String[a.length]; 
22: 	for(int i = 0; i < a.length; i++){
23: 		a[i] = stem.mainStem(a[i]);
24: 	}
25: 	//String[] stemA = a;
26: 	//TO TEST


Stacktrace:] with root cause
 java.lang.NullPointerException
	at searchEngine.StopStem.isStopWord(StopStem.java:17)
	at searchEngine.StopStem.mainStem(StopStem.java:32)
	at org.apache.jsp.USAFreshMilkSearch_jsp._jspService(USAFreshMilkSearch_jsp.java:144)
	at org.apache.jasper.runtime.HttpJspBase.service(HttpJspBase.java:70)
	at javax.servlet.http.HttpServlet.service(HttpServlet.java:741)
	at org.apache.jasper.servlet.JspServletWrapper.service(JspServletWrapper.java:444)
	at org.apache.jasper.servlet.JspServlet.serviceJspFile(JspServlet.java:386)
	at org.apache.jasper.servlet.JspServlet.service(JspServlet.java:330)
	at javax.servlet.http.HttpServlet.service(HttpServlet.java:741)
	at org.apache.catalina.core.ApplicationFilterChain.internalDoFilter(ApplicationFilterChain.java:231)
	at org.apache.catalina.core.ApplicationFilterChain.doFilter(ApplicationFilterChain.java:166)
	at org.apache.tomcat.websocket.server.WsFilter.doFilter(WsFilter.java:53)
	at org.apache.catalina.core.ApplicationFilterChain.internalDoFilter(ApplicationFilterChain.java:193)
	at org.apache.catalina.core.ApplicationFilterChain.doFilter(ApplicationFilterChain.java:166)
	at org.apache.catalina.core.StandardWrapperValve.invoke(StandardWrapperValve.java:199)
	at org.apache.catalina.core.StandardContextValve.invoke(StandardContextValve.java:96)
	at org.apache.catalina.authenticator.AuthenticatorBase.invoke(AuthenticatorBase.java:494)
	at org.apache.catalina.core.StandardHostValve.invoke(StandardHostValve.java:137)
	at org.apache.catalina.valves.ErrorReportValve.invoke(ErrorReportValve.java:92)
	at org.apache.catalina.valves.AbstractAccessLogValve.invoke(AbstractAccessLogValve.java:651)
	at org.apache.catalina.core.StandardEngineValve.invoke(StandardEngineValve.java:87)
	at org.apache.catalina.connector.CoyoteAdapter.service(CoyoteAdapter.java:343)
	at org.apache.coyote.http11.Http11Processor.service(Http11Processor.java:407)
	at org.apache.coyote.AbstractProcessorLight.process(AbstractProcessorLight.java:66)
	at org.apache.coyote.AbstractProtocol$ConnectionHandler.process(AbstractProtocol.java:754)
	at org.apache.tomcat.util.net.NioEndpoint$SocketProcessor.doRun(NioEndpoint.java:1376)
	at org.apache.tomcat.util.net.SocketProcessorBase.run(SocketProcessorBase.java:49)
	at java.util.concurrent.ThreadPoolExecutor.runWorker(ThreadPoolExecutor.java:1149)
	at java.util.concurrent.ThreadPoolExecutor$Worker.run(ThreadPoolExecutor.java:624)
	at org.apache.tomcat.util.threads.TaskThread$WrappingRunnable.run(TaskThread.java:61)
	at java.lang.Thread.run(Thread.java:748)

24-Apr-2018 16:45:09.509 INFO [main] org.apache.catalina.core.ApplicationContext.log SessionListener: contextDestroyed()
24-Apr-2018 16:45:09.509 INFO [main] org.apache.catalina.core.ApplicationContext.log ContextListener: contextDestroyed()
24-Apr-2018 16:45:38.026 INFO [main] org.apache.catalina.core.ApplicationContext.log ContextListener: contextInitialized()
24-Apr-2018 16:45:38.026 INFO [main] org.apache.catalina.core.ApplicationContext.log SessionListener: contextInitialized()
24-Apr-2018 16:45:38.028 INFO [main] org.apache.catalina.core.ApplicationContext.log ContextListener: attributeAdded('StockTicker', 'async.Stockticker@6771beb3')
24-Apr-2018 16:45:38.943 SEVERE [http-nio-8080-exec-1] org.apache.catalina.core.StandardWrapperValve.invoke Servlet.service() for servlet [jsp] in context with path [] threw exception [Unable to compile class for JSP: 

An error occurred at line: [24] in the jsp file: [/USAFreshMilkSearch.jsp]
mainStem cannot be resolved or is not a field
21: 	//String[] stemA = new String[a.length]; 
22: 	for(int i = 0; i < a.length; i++){
23: 		//a[i] = stem.mainStem(a[i]);
24: 		out.print(stem.mainStem(a[i]);)
25: 	}
26: 	//String[] stemA = a;
27: 	//TO TEST


An error occurred at line: [24] in the jsp file: [/USAFreshMilkSearch.jsp]
Syntax error on token(s), misplaced construct(s)
21: 	//String[] stemA = new String[a.length]; 
22: 	for(int i = 0; i < a.length; i++){
23: 		//a[i] = stem.mainStem(a[i]);
24: 		out.print(stem.mainStem(a[i]);)
25: 	}
26: 	//String[] stemA = a;
27: 	//TO TEST


An error occurred at line: [24] in the jsp file: [/USAFreshMilkSearch.jsp]
Syntax error on token ")", delete this token
21: 	//String[] stemA = new String[a.length]; 
22: 	for(int i = 0; i < a.length; i++){
23: 		//a[i] = stem.mainStem(a[i]);
24: 		out.print(stem.mainStem(a[i]);)
25: 	}
26: 	//String[] stemA = a;
27: 	//TO TEST


Stacktrace:] with root cause
 org.apache.jasper.JasperException: Unable to compile class for JSP: 

An error occurred at line: [24] in the jsp file: [/USAFreshMilkSearch.jsp]
mainStem cannot be resolved or is not a field
21: 	//String[] stemA = new String[a.length]; 
22: 	for(int i = 0; i < a.length; i++){
23: 		//a[i] = stem.mainStem(a[i]);
24: 		out.print(stem.mainStem(a[i]);)
25: 	}
26: 	//String[] stemA = a;
27: 	//TO TEST


An error occurred at line: [24] in the jsp file: [/USAFreshMilkSearch.jsp]
Syntax error on token(s), misplaced construct(s)
21: 	//String[] stemA = new String[a.length]; 
22: 	for(int i = 0; i < a.length; i++){
23: 		//a[i] = stem.mainStem(a[i]);
24: 		out.print(stem.mainStem(a[i]);)
25: 	}
26: 	//String[] stemA = a;
27: 	//TO TEST


An error occurred at line: [24] in the jsp file: [/USAFreshMilkSearch.jsp]
Syntax error on token ")", delete this token
21: 	//String[] stemA = new String[a.length]; 
22: 	for(int i = 0; i < a.length; i++){
23: 		//a[i] = stem.mainStem(a[i]);
24: 		out.print(stem.mainStem(a[i]);)
25: 	}
26: 	//String[] stemA = a;
27: 	//TO TEST


Stacktrace:
	at org.apache.jasper.compiler.DefaultErrorHandler.javacError(DefaultErrorHandler.java:103)
	at org.apache.jasper.compiler.ErrorDispatcher.javacError(ErrorDispatcher.java:213)
	at org.apache.jasper.compiler.JDTCompiler.generateClass(JDTCompiler.java:461)
	at org.apache.jasper.compiler.Compiler.compile(Compiler.java:392)
	at org.apache.jasper.compiler.Compiler.compile(Compiler.java:362)
	at org.apache.jasper.compiler.Compiler.compile(Compiler.java:346)
	at org.apache.jasper.JspCompilationContext.compile(JspCompilationContext.java:603)
	at org.apache.jasper.servlet.JspServletWrapper.service(JspServletWrapper.java:369)
	at org.apache.jasper.servlet.JspServlet.serviceJspFile(JspServlet.java:386)
	at org.apache.jasper.servlet.JspServlet.service(JspServlet.java:330)
	at javax.servlet.http.HttpServlet.service(HttpServlet.java:741)
	at org.apache.catalina.core.ApplicationFilterChain.internalDoFilter(ApplicationFilterChain.java:231)
	at org.apache.catalina.core.ApplicationFilterChain.doFilter(ApplicationFilterChain.java:166)
	at org.apache.tomcat.websocket.server.WsFilter.doFilter(WsFilter.java:53)
	at org.apache.catalina.core.ApplicationFilterChain.internalDoFilter(ApplicationFilterChain.java:193)
	at org.apache.catalina.core.ApplicationFilterChain.doFilter(ApplicationFilterChain.java:166)
	at org.apache.catalina.core.StandardWrapperValve.invoke(StandardWrapperValve.java:199)
	at org.apache.catalina.core.StandardContextValve.invoke(StandardContextValve.java:96)
	at org.apache.catalina.authenticator.AuthenticatorBase.invoke(AuthenticatorBase.java:494)
	at org.apache.catalina.core.StandardHostValve.invoke(StandardHostValve.java:137)
	at org.apache.catalina.valves.ErrorReportValve.invoke(ErrorReportValve.java:92)
	at org.apache.catalina.valves.AbstractAccessLogValve.invoke(AbstractAccessLogValve.java:651)
	at org.apache.catalina.core.StandardEngineValve.invoke(StandardEngineValve.java:87)
	at org.apache.catalina.connector.CoyoteAdapter.service(CoyoteAdapter.java:343)
	at org.apache.coyote.http11.Http11Processor.service(Http11Processor.java:407)
	at org.apache.coyote.AbstractProcessorLight.process(AbstractProcessorLight.java:66)
	at org.apache.coyote.AbstractProtocol$ConnectionHandler.process(AbstractProtocol.java:754)
	at org.apache.tomcat.util.net.NioEndpoint$SocketProcessor.doRun(NioEndpoint.java:1376)
	at org.apache.tomcat.util.net.SocketProcessorBase.run(SocketProcessorBase.java:49)
	at java.util.concurrent.ThreadPoolExecutor.runWorker(ThreadPoolExecutor.java:1149)
	at java.util.concurrent.ThreadPoolExecutor$Worker.run(ThreadPoolExecutor.java:624)
	at org.apache.tomcat.util.threads.TaskThread$WrappingRunnable.run(TaskThread.java:61)
	at java.lang.Thread.run(Thread.java:748)

24-Apr-2018 16:49:43.281 INFO [main] org.apache.catalina.core.ApplicationContext.log SessionListener: contextDestroyed()
24-Apr-2018 16:49:43.281 INFO [main] org.apache.catalina.core.ApplicationContext.log ContextListener: contextDestroyed()
24-Apr-2018 16:50:45.209 INFO [main] org.apache.catalina.core.ApplicationContext.log ContextListener: contextInitialized()
24-Apr-2018 16:50:45.209 INFO [main] org.apache.catalina.core.ApplicationContext.log SessionListener: contextInitialized()
24-Apr-2018 16:50:45.210 INFO [main] org.apache.catalina.core.ApplicationContext.log ContextListener: attributeAdded('StockTicker', 'async.Stockticker@6771beb3')
24-Apr-2018 16:50:46.251 SEVERE [http-nio-8080-exec-1] org.apache.catalina.core.StandardWrapperValve.invoke Servlet.service() for servlet [jsp] in context with path [] threw exception [An exception occurred processing [/USAFreshMilkSearch.jsp] at line [24]

21: 	//String[] stemA = new String[a.length]; 
22: 	for(int i = 0; i < a.length; i++){
23: 		//a[i] = stem.mainStem(a[i]);
24: 		out.print(stem.mainStem(a[i])+ "<br>");
25: 	}
26: 	//String[] stemA = a;
27: 	//TO TEST


Stacktrace:] with root cause
 java.lang.NullPointerException
	at searchEngine.StopStem.isStopWord(StopStem.java:17)
	at searchEngine.StopStem.mainStem(StopStem.java:32)
	at org.apache.jsp.USAFreshMilkSearch_jsp._jspService(USAFreshMilkSearch_jsp.java:145)
	at org.apache.jasper.runtime.HttpJspBase.service(HttpJspBase.java:70)
	at javax.servlet.http.HttpServlet.service(HttpServlet.java:741)
	at org.apache.jasper.servlet.JspServletWrapper.service(JspServletWrapper.java:444)
	at org.apache.jasper.servlet.JspServlet.serviceJspFile(JspServlet.java:386)
	at org.apache.jasper.servlet.JspServlet.service(JspServlet.java:330)
	at javax.servlet.http.HttpServlet.service(HttpServlet.java:741)
	at org.apache.catalina.core.ApplicationFilterChain.internalDoFilter(ApplicationFilterChain.java:231)
	at org.apache.catalina.core.ApplicationFilterChain.doFilter(ApplicationFilterChain.java:166)
	at org.apache.tomcat.websocket.server.WsFilter.doFilter(WsFilter.java:53)
	at org.apache.catalina.core.ApplicationFilterChain.internalDoFilter(ApplicationFilterChain.java:193)
	at org.apache.catalina.core.ApplicationFilterChain.doFilter(ApplicationFilterChain.java:166)
	at org.apache.catalina.core.StandardWrapperValve.invoke(StandardWrapperValve.java:199)
	at org.apache.catalina.core.StandardContextValve.invoke(StandardContextValve.java:96)
	at org.apache.catalina.authenticator.AuthenticatorBase.invoke(AuthenticatorBase.java:494)
	at org.apache.catalina.core.StandardHostValve.invoke(StandardHostValve.java:137)
	at org.apache.catalina.valves.ErrorReportValve.invoke(ErrorReportValve.java:92)
	at org.apache.catalina.valves.AbstractAccessLogValve.invoke(AbstractAccessLogValve.java:651)
	at org.apache.catalina.core.StandardEngineValve.invoke(StandardEngineValve.java:87)
	at org.apache.catalina.connector.CoyoteAdapter.service(CoyoteAdapter.java:343)
	at org.apache.coyote.http11.Http11Processor.service(Http11Processor.java:407)
	at org.apache.coyote.AbstractProcessorLight.process(AbstractProcessorLight.java:66)
	at org.apache.coyote.AbstractProtocol$ConnectionHandler.process(AbstractProtocol.java:754)
	at org.apache.tomcat.util.net.NioEndpoint$SocketProcessor.doRun(NioEndpoint.java:1376)
	at org.apache.tomcat.util.net.SocketProcessorBase.run(SocketProcessorBase.java:49)
	at java.util.concurrent.ThreadPoolExecutor.runWorker(ThreadPoolExecutor.java:1149)
	at java.util.concurrent.ThreadPoolExecutor$Worker.run(ThreadPoolExecutor.java:624)
	at org.apache.tomcat.util.threads.TaskThread$WrappingRunnable.run(TaskThread.java:61)
	at java.lang.Thread.run(Thread.java:748)

24-Apr-2018 17:03:31.128 INFO [main] org.apache.catalina.core.ApplicationContext.log SessionListener: contextDestroyed()
24-Apr-2018 17:03:31.128 INFO [main] org.apache.catalina.core.ApplicationContext.log ContextListener: contextDestroyed()
